[ 2020-12-08T14:14:30+08:00 ] 127.0.0.1 /Home/Index/index
INFO: [ app_init ] --START--
INFO: Run Behavior\BuildLiteBehavior [ RunTime:0.000015s ]
INFO: [ app_init ] --END-- [ RunTime:0.013911s ]
INFO: [ app_begin ] --START--
INFO: Run Behavior\ReadHtmlCacheBehavior [ RunTime:0.018732s ]
INFO: [ app_begin ] --END-- [ RunTime:0.018800s ]
INFO: [ view_parse ] --START--
INFO: [ template_filter ] --START--
INFO: Run Behavior\ContentReplaceBehavior [ RunTime:0.000131s ]
INFO: [ template_filter ] --END-- [ RunTime:0.000183s ]
INFO: Run Behavior\ParseTemplateBehavior [ RunTime:0.155290s ]
INFO: [ view_parse ] --END-- [ RunTime:0.155355s ]
INFO: [ view_filter ] --START--
INFO: Run Behavior\WriteHtmlCacheBehavior [ RunTime:0.019479s ]
INFO: [ view_filter ] --END-- [ RunTime:0.019524s ]
INFO: [ app_end ] --START--
INFO: Run Behavior\ShowPageTraceBehavior [ RunTime:0.012274s ]
INFO: [ app_end ] --END-- [ RunTime:0.012334s ]

[ 2020-12-08T14:14:53+08:00 ] 127.0.0.1 /Home/Index/addAjax
INFO: [ app_init ] --START--
INFO: Run Behavior\BuildLiteBehavior [ RunTime:0.000016s ]
INFO: [ app_init ] --END-- [ RunTime:0.000754s ]
INFO: [ app_begin ] --START--
INFO: Run Behavior\ReadHtmlCacheBehavior [ RunTime:0.001657s ]
INFO: [ app_begin ] --END-- [ RunTime:0.001716s ]
SQL: SHOW COLUMNS FROM `user` [ RunTime:0.0489s ]
SQL: SELECT * FROM `user` WHERE ( username='vip' and password='e10adc3949ba59abbe56e057f20f883e' )  [ RunTime:0.0003s ]
INFO: [ app_end ] --START--
INFO: Run Behavior\ShowPageTraceBehavior [ RunTime:0.001141s ]
INFO: [ app_end ] --END-- [ RunTime:0.001201s ]

[ 2020-12-08T14:14:58+08:00 ] 127.0.0.1 /Home/Index/index
INFO: [ app_init ] --START--
INFO: Run Behavior\BuildLiteBehavior [ RunTime:0.000015s ]
INFO: [ app_init ] --END-- [ RunTime:0.001089s ]
INFO: [ app_begin ] --START--
INFO: Run Behavior\ReadHtmlCacheBehavior [ RunTime:0.001236s ]
INFO: [ app_begin ] --END-- [ RunTime:0.001309s ]
INFO: [ view_parse ] --START--
INFO: [ template_filter ] --START--
INFO: Run Behavior\ContentReplaceBehavior [ RunTime:0.000304s ]
INFO: [ template_filter ] --END-- [ RunTime:0.000475s ]
INFO: Run Behavior\ParseTemplateBehavior [ RunTime:0.039101s ]
INFO: [ view_parse ] --END-- [ RunTime:0.039153s ]
INFO: [ view_filter ] --START--
INFO: Run Behavior\WriteHtmlCacheBehavior [ RunTime:0.000652s ]
INFO: [ view_filter ] --END-- [ RunTime:0.000683s ]
INFO: [ app_end ] --START--
INFO: Run Behavior\ShowPageTraceBehavior [ RunTime:0.000995s ]
INFO: [ app_end ] --END-- [ RunTime:0.001056s ]

[ 2020-12-08T14:15:42+08:00 ] 127.0.0.1 /Home/Ocr/ocrWZ
INFO: [ app_init ] --START--
INFO: Run Behavior\BuildLiteBehavior [ RunTime:0.000015s ]
INFO: [ app_init ] --END-- [ RunTime:0.000682s ]
INFO: [ app_begin ] --START--
INFO: Run Behavior\ReadHtmlCacheBehavior [ RunTime:0.001187s ]
INFO: [ app_begin ] --END-- [ RunTime:0.001238s ]
SQL: SHOW COLUMNS FROM `user` [ RunTime:0.0186s ]
SQL: SELECT * FROM `user` WHERE ( username='vip' )  [ RunTime:0.0003s ]
NOTIC: [8] Undefined variable: APP_ID D:\upupw\UPUPW_AP5.5_64\vhosts\www.onlineOCR.com\Application\Home\Controller\OcrController.class.php 第 32 行.
INFO: [ app_end ] --START--
INFO: Run Behavior\ShowPageTraceBehavior [ RunTime:0.001184s ]
INFO: [ app_end ] --END-- [ RunTime:0.001249s ]

[ 2020-12-08T14:15:54+08:00 ] 127.0.0.1 /Home/Index/index
INFO: [ app_init ] --START--
INFO: Run Behavior\BuildLiteBehavior [ RunTime:0.000010s ]
INFO: [ app_init ] --END-- [ RunTime:0.000365s ]
INFO: [ app_begin ] --START--
INFO: Run Behavior\ReadHtmlCacheBehavior [ RunTime:0.000762s ]
INFO: [ app_begin ] --END-- [ RunTime:0.000801s ]
INFO: [ view_parse ] --START--
INFO: [ template_filter ] --START--
INFO: Run Behavior\ContentReplaceBehavior [ RunTime:0.000130s ]
INFO: [ template_filter ] --END-- [ RunTime:0.000177s ]
INFO: Run Behavior\ParseTemplateBehavior [ RunTime:0.038391s ]
INFO: [ view_parse ] --END-- [ RunTime:0.038445s ]
INFO: [ view_filter ] --START--
INFO: Run Behavior\WriteHtmlCacheBehavior [ RunTime:0.000643s ]
INFO: [ view_filter ] --END-- [ RunTime:0.000677s ]
INFO: [ app_end ] --START--
INFO: Run Behavior\ShowPageTraceBehavior [ RunTime:0.000808s ]
INFO: [ app_end ] --END-- [ RunTime:0.000843s ]

[ 2020-12-08T14:16:15+08:00 ] 127.0.0.1 /Home/Ocr/ocrBG
INFO: [ app_init ] --START--
INFO: Run Behavior\BuildLiteBehavior [ RunTime:0.000021s ]
INFO: [ app_init ] --END-- [ RunTime:0.000759s ]
INFO: [ app_begin ] --START--
INFO: Run Behavior\ReadHtmlCacheBehavior [ RunTime:0.002593s ]
INFO: [ app_begin ] --END-- [ RunTime:0.002700s ]
SQL: SHOW COLUMNS FROM `user` [ RunTime:0.0460s ]
SQL: SELECT * FROM `user` WHERE ( username='vip' )  [ RunTime:0.0005s ]
NOTIC: [8] Undefined variable: APP_ID D:\upupw\UPUPW_AP5.5_64\vhosts\www.onlineOCR.com\Application\Home\Controller\OcrController.class.php 第 48 行.
NOTIC: [8] Undefined index: result D:\upupw\UPUPW_AP5.5_64\vhosts\www.onlineOCR.com\Application\Home\Controller\OcrController.class.php 第 54 行.
NOTIC: [8] Undefined index: result D:\upupw\UPUPW_AP5.5_64\vhosts\www.onlineOCR.com\Application\Home\Controller\OcrController.class.php 第 54 行.
NOTIC: [8] Undefined index: result D:\upupw\UPUPW_AP5.5_64\vhosts\www.onlineOCR.com\Application\Home\Controller\OcrController.class.php 第 54 行.
NOTIC: [8] Undefined index: result D:\upupw\UPUPW_AP5.5_64\vhosts\www.onlineOCR.com\Application\Home\Controller\OcrController.class.php 第 54 行.
NOTIC: [8] Undefined index: result D:\upupw\UPUPW_AP5.5_64\vhosts\www.onlineOCR.com\Application\Home\Controller\OcrController.class.php 第 54 行.
NOTIC: [8] Undefined index: result D:\upupw\UPUPW_AP5.5_64\vhosts\www.onlineOCR.com\Application\Home\Controller\OcrController.class.php 第 54 行.
NOTIC: [8] Undefined index: result D:\upupw\UPUPW_AP5.5_64\vhosts\www.onlineOCR.com\Application\Home\Controller\OcrController.class.php 第 54 行.
NOTIC: [8] Undefined index: result D:\upupw\UPUPW_AP5.5_64\vhosts\www.onlineOCR.com\Application\Home\Controller\OcrController.class.php 第 54 行.
NOTIC: [8] Undefined index: result D:\upupw\UPUPW_AP5.5_64\vhosts\www.onlineOCR.com\Application\Home\Controller\OcrController.class.php 第 54 行.
NOTIC: [8] Undefined index: result D:\upupw\UPUPW_AP5.5_64\vhosts\www.onlineOCR.com\Application\Home\Controller\OcrController.class.php 第 54 行.
NOTIC: [8] Undefined index: result D:\upupw\UPUPW_AP5.5_64\vhosts\www.onlineOCR.com\Application\Home\Controller\OcrController.class.php 第 54 行.
NOTIC: [8] Undefined index: result D:\upupw\UPUPW_AP5.5_64\vhosts\www.onlineOCR.com\Application\Home\Controller\OcrController.class.php 第 54 行.
NOTIC: [8] Undefined index: result D:\upupw\UPUPW_AP5.5_64\vhosts\www.onlineOCR.com\Application\Home\Controller\OcrController.class.php 第 54 行.
NOTIC: [8] Undefined index: result D:\upupw\UPUPW_AP5.5_64\vhosts\www.onlineOCR.com\Application\Home\Controller\OcrController.class.php 第 54 行.
NOTIC: [8] Undefined index: result D:\upupw\UPUPW_AP5.5_64\vhosts\www.onlineOCR.com\Application\Home\Controller\OcrController.class.php 第 54 行.
NOTIC: [8] Undefined index: result D:\upupw\UPUPW_AP5.5_64\vhosts\www.onlineOCR.com\Application\Home\Controller\OcrController.class.php 第 54 行.
NOTIC: [8] Undefined index: result D:\upupw\UPUPW_AP5.5_64\vhosts\www.onlineOCR.com\Application\Home\Controller\OcrController.class.php 第 54 行.
NOTIC: [8] Undefined index: result D:\upupw\UPUPW_AP5.5_64\vhosts\www.onlineOCR.com\Application\Home\Controller\OcrController.class.php 第 54 行.
NOTIC: [8] Undefined index: result D:\upupw\UPUPW_AP5.5_64\vhosts\www.onlineOCR.com\Application\Home\Controller\OcrController.class.php 第 54 行.
NOTIC: [8] Undefined index: result D:\upupw\UPUPW_AP5.5_64\vhosts\www.onlineOCR.com\Application\Home\Controller\OcrController.class.php 第 54 行.
NOTIC: [8] Undefined index: result D:\upupw\UPUPW_AP5.5_64\vhosts\www.onlineOCR.com\Application\Home\Controller\OcrController.class.php 第 54 行.
NOTIC: [8] Undefined index: result D:\upupw\UPUPW_AP5.5_64\vhosts\www.onlineOCR.com\Application\Home\Controller\OcrController.class.php 第 54 行.
NOTIC: [8] Undefined index: result D:\upupw\UPUPW_AP5.5_64\vhosts\www.onlineOCR.com\Application\Home\Controller\OcrController.class.php 第 54 行.
NOTIC: [8] Undefined index: result D:\upupw\UPUPW_AP5.5_64\vhosts\www.onlineOCR.com\Application\Home\Controller\OcrController.class.php 第 54 行.
NOTIC: [8] Undefined index: result D:\upupw\UPUPW_AP5.5_64\vhosts\www.onlineOCR.com\Application\Home\Controller\OcrController.class.php 第 54 行.
NOTIC: [8] Undefined index: result D:\upupw\UPUPW_AP5.5_64\vhosts\www.onlineOCR.com\Application\Home\Controller\OcrController.class.php 第 54 行.
NOTIC: [8] Undefined index: result D:\upupw\UPUPW_AP5.5_64\vhosts\www.onlineOCR.com\Application\Home\Controller\OcrController.class.php 第 54 行.
NOTIC: [8] Undefined index: result D:\upupw\UPUPW_AP5.5_64\vhosts\www.onlineOCR.com\Application\Home\Controller\OcrController.class.php 第 54 行.
NOTIC: [8] Undefined index: result D:\upupw\UPUPW_AP5.5_64\vhosts\www.onlineOCR.com\Application\Home\Controller\OcrController.class.php 第 54 行.
NOTIC: [8] Undefined index: result D:\upupw\UPUPW_AP5.5_64\vhosts\www.onlineOCR.com\Application\Home\Controller\OcrController.class.php 第 54 行.
NOTIC: [8] Undefined index: result D:\upupw\UPUPW_AP5.5_64\vhosts\www.onlineOCR.com\Application\Home\Controller\OcrController.class.php 第 54 行.
NOTIC: [8] Undefined index: result D:\upupw\UPUPW_AP5.5_64\vhosts\www.onlineOCR.com\Application\Home\Controller\OcrController.class.php 第 54 行.
NOTIC: [8] Undefined index: result D:\upupw\UPUPW_AP5.5_64\vhosts\www.onlineOCR.com\Application\Home\Controller\OcrController.class.php 第 54 行.
NOTIC: [8] Undefined index: result D:\upupw\UPUPW_AP5.5_64\vhosts\www.onlineOCR.com\Application\Home\Controller\OcrController.class.php 第 54 行.
INFO: [ app_end ] --START--
INFO: Run Behavior\ShowPageTraceBehavior [ RunTime:0.001164s ]
INFO: [ app_end ] --END-- [ RunTime:0.001223s ]

[ 2020-12-08T14:17:02+08:00 ] 127.0.0.1 /Home/Index/index
INFO: [ app_init ] --START--
INFO: Run Behavior\BuildLiteBehavior [ RunTime:0.000019s ]
INFO: [ app_init ] --END-- [ RunTime:0.000544s ]
INFO: [ app_begin ] --START--
INFO: Run Behavior\ReadHtmlCacheBehavior [ RunTime:0.000998s ]
INFO: [ app_begin ] --END-- [ RunTime:0.001070s ]
INFO: [ view_parse ] --START--
INFO: [ template_filter ] --START--
INFO: Run Behavior\ContentReplaceBehavior [ RunTime:0.000131s ]
INFO: [ template_filter ] --END-- [ RunTime:0.000177s ]
INFO: Run Behavior\ParseTemplateBehavior [ RunTime:0.038781s ]
INFO: [ view_parse ] --END-- [ RunTime:0.038836s ]
INFO: [ view_filter ] --START--
INFO: Run Behavior\WriteHtmlCacheBehavior [ RunTime:0.000660s ]
INFO: [ view_filter ] --END-- [ RunTime:0.000691s ]
INFO: [ app_end ] --START--
INFO: Run Behavior\ShowPageTraceBehavior [ RunTime:0.000950s ]
INFO: [ app_end ] --END-- [ RunTime:0.001000s ]

[ 2020-12-08T14:22:11+08:00 ] 127.0.0.1 /Home/Index/index
INFO: [ app_init ] --START--
INFO: Run Behavior\BuildLiteBehavior [ RunTime:0.000020s ]
INFO: [ app_init ] --END-- [ RunTime:0.001651s ]
INFO: [ app_begin ] --START--
INFO: Run Behavior\ReadHtmlCacheBehavior [ RunTime:0.000842s ]
INFO: [ app_begin ] --END-- [ RunTime:0.000886s ]
INFO: [ view_parse ] --START--
INFO: [ template_filter ] --START--
INFO: Run Behavior\ContentReplaceBehavior [ RunTime:0.000130s ]
INFO: [ template_filter ] --END-- [ RunTime:0.000192s ]
INFO: Run Behavior\ParseTemplateBehavior [ RunTime:0.037958s ]
INFO: [ view_parse ] --END-- [ RunTime:0.038008s ]
INFO: [ view_filter ] --START--
INFO: Run Behavior\WriteHtmlCacheBehavior [ RunTime:0.000636s ]
INFO: [ view_filter ] --END-- [ RunTime:0.000667s ]
INFO: [ app_end ] --START--
INFO: Run Behavior\ShowPageTraceBehavior [ RunTime:0.000808s ]
INFO: [ app_end ] --END-- [ RunTime:0.000843s ]

[ 2020-12-08T14:22:35+08:00 ] 127.0.0.1 /Home/Index/index
INFO: [ app_init ] --START--
INFO: Run Behavior\BuildLiteBehavior [ RunTime:0.000028s ]
INFO: [ app_init ] --END-- [ RunTime:0.001401s ]
INFO: [ app_begin ] --START--
INFO: Run Behavior\ReadHtmlCacheBehavior [ RunTime:0.001882s ]
INFO: [ app_begin ] --END-- [ RunTime:0.001993s ]
INFO: [ view_parse ] --START--
INFO: [ template_filter ] --START--
INFO: Run Behavior\ContentReplaceBehavior [ RunTime:0.000351s ]
INFO: [ template_filter ] --END-- [ RunTime:0.000470s ]
INFO: Run Behavior\ParseTemplateBehavior [ RunTime:0.082929s ]
INFO: [ view_parse ] --END-- [ RunTime:0.083033s ]
INFO: [ view_filter ] --START--
INFO: Run Behavior\WriteHtmlCacheBehavior [ RunTime:0.000628s ]
INFO: [ view_filter ] --END-- [ RunTime:0.000679s ]
INFO: [ app_end ] --START--
INFO: Run Behavior\ShowPageTraceBehavior [ RunTime:0.000846s ]
INFO: [ app_end ] --END-- [ RunTime:0.000895s ]

[ 2020-12-08T14:24:06+08:00 ] 127.0.0.1 /Home/Ocr/ocrWZ
INFO: [ app_init ] --START--
INFO: Run Behavior\BuildLiteBehavior [ RunTime:0.000040s ]
INFO: [ app_init ] --END-- [ RunTime:0.001114s ]
INFO: [ app_begin ] --START--
INFO: Run Behavior\ReadHtmlCacheBehavior [ RunTime:0.002039s ]
INFO: [ app_begin ] --END-- [ RunTime:0.002147s ]
SQL: SHOW COLUMNS FROM `user` [ RunTime:0.0491s ]
SQL: SELECT * FROM `user` WHERE ( username='null' )  [ RunTime:0.0010s ]

[ 2020-12-08T14:24:16+08:00 ] 127.0.0.1 /Home/Index/addAjax
INFO: [ app_init ] --START--
INFO: Run Behavior\BuildLiteBehavior [ RunTime:0.000010s ]
INFO: [ app_init ] --END-- [ RunTime:0.000350s ]
INFO: [ app_begin ] --START--
INFO: Run Behavior\ReadHtmlCacheBehavior [ RunTime:0.000791s ]
INFO: [ app_begin ] --END-- [ RunTime:0.000829s ]
SQL: SHOW COLUMNS FROM `user` [ RunTime:0.0207s ]
SQL: SELECT * FROM `user` WHERE ( username='1' )  [ RunTime:0.0003s ]
NOTIC: [8] Undefined offset: 0 D:\upupw\UPUPW_AP5.5_64\vhosts\www.onlineOCR.com\Application\Home\Controller\IndexController.class.php 第 22 行.
SQL: INSERT INTO `user` (`username`,`password`,`test`,`vip`) VALUES ('1','c4ca4238a0b923820dcc509a6f75849b','2','0') [ RunTime:0.0964s ]
INFO: [ app_end ] --START--
INFO: Run Behavior\ShowPageTraceBehavior [ RunTime:0.002209s ]
INFO: [ app_end ] --END-- [ RunTime:0.002292s ]

[ 2020-12-08T14:24:22+08:00 ] 127.0.0.1 /Home/Index/addAjax
INFO: [ app_init ] --START--
INFO: Run Behavior\BuildLiteBehavior [ RunTime:0.000011s ]
INFO: [ app_init ] --END-- [ RunTime:0.000394s ]
INFO: [ app_begin ] --START--
INFO: Run Behavior\ReadHtmlCacheBehavior [ RunTime:0.000883s ]
INFO: [ app_begin ] --END-- [ RunTime:0.000973s ]
SQL: SHOW COLUMNS FROM `user` [ RunTime:0.0167s ]
SQL: SELECT * FROM `user` WHERE ( username='1' and password='c4ca4238a0b923820dcc509a6f75849b' )  [ RunTime:0.0004s ]
INFO: [ app_end ] --START--
INFO: Run Behavior\ShowPageTraceBehavior [ RunTime:0.001010s ]
INFO: [ app_end ] --END-- [ RunTime:0.001050s ]

[ 2020-12-08T14:24:30+08:00 ] 127.0.0.1 /Home/Index/index
INFO: [ app_init ] --START--
INFO: Run Behavior\BuildLiteBehavior [ RunTime:0.000047s ]
INFO: [ app_init ] --END-- [ RunTime:0.001238s ]
INFO: [ app_begin ] --START--
INFO: Run Behavior\ReadHtmlCacheBehavior [ RunTime:0.001775s ]
INFO: [ app_begin ] --END-- [ RunTime:0.001883s ]
INFO: [ view_parse ] --START--
INFO: [ template_filter ] --START--
INFO: Run Behavior\ContentReplaceBehavior [ RunTime:0.000206s ]
INFO: [ template_filter ] --END-- [ RunTime:0.000279s ]
INFO: Run Behavior\ParseTemplateBehavior [ RunTime:0.046481s ]
INFO: [ view_parse ] --END-- [ RunTime:0.046562s ]
INFO: [ view_filter ] --START--
INFO: Run Behavior\WriteHtmlCacheBehavior [ RunTime:0.001040s ]
INFO: [ view_filter ] --END-- [ RunTime:0.001108s ]
INFO: [ app_end ] --START--
INFO: Run Behavior\ShowPageTraceBehavior [ RunTime:0.001324s ]
INFO: [ app_end ] --END-- [ RunTime:0.001394s ]

[ 2020-12-08T14:24:38+08:00 ] 127.0.0.1 /Home/Ocr/ocrWZ
INFO: [ app_init ] --START--
INFO: Run Behavior\BuildLiteBehavior [ RunTime:0.000021s ]
INFO: [ app_init ] --END-- [ RunTime:0.000580s ]
INFO: [ app_begin ] --START--
INFO: Run Behavior\ReadHtmlCacheBehavior [ RunTime:0.001009s ]
INFO: [ app_begin ] --END-- [ RunTime:0.001075s ]
SQL: SHOW COLUMNS FROM `user` [ RunTime:0.0215s ]
SQL: SELECT * FROM `user` WHERE ( username='1' )  [ RunTime:0.0003s ]
SQL: UPDATE `user` SET `test`='1' WHERE `username` = '1' [ RunTime:0.0877s ]
NOTIC: [8] Undefined variable: APP_ID D:\upupw\UPUPW_AP5.5_64\vhosts\www.onlineOCR.com\Application\Home\Controller\OcrController.class.php 第 32 行.
NOTIC: [8] Undefined index: words_result D:\upupw\UPUPW_AP5.5_64\vhosts\www.onlineOCR.com\Application\Home\Controller\OcrController.class.php 第 34 行.
NOTIC: [8] Undefined index: words_result_num D:\upupw\UPUPW_AP5.5_64\vhosts\www.onlineOCR.com\Application\Home\Controller\OcrController.class.php 第 35 行.
INFO: [ app_end ] --START--
INFO: Run Behavior\ShowPageTraceBehavior [ RunTime:0.000861s ]
INFO: [ app_end ] --END-- [ RunTime:0.000905s ]

[ 2020-12-08T14:24:49+08:00 ] 127.0.0.1 /Home/Ocr/ocrWZ
INFO: [ app_init ] --START--
INFO: Run Behavior\BuildLiteBehavior [ RunTime:0.000010s ]
INFO: [ app_init ] --END-- [ RunTime:0.000360s ]
INFO: [ app_begin ] --START--
INFO: Run Behavior\ReadHtmlCacheBehavior [ RunTime:0.000598s ]
INFO: [ app_begin ] --END-- [ RunTime:0.000634s ]
SQL: SHOW COLUMNS FROM `user` [ RunTime:0.0212s ]
SQL: SELECT * FROM `user` WHERE ( username='1' )  [ RunTime:0.0003s ]
SQL: UPDATE `user` SET `test`='0' WHERE `username` = '1' [ RunTime:0.0003s ]
NOTIC: [8] Undefined variable: APP_ID D:\upupw\UPUPW_AP5.5_64\vhosts\www.onlineOCR.com\Application\Home\Controller\OcrController.class.php 第 32 行.
INFO: [ app_end ] --START--
INFO: Run Behavior\ShowPageTraceBehavior [ RunTime:0.001864s ]
INFO: [ app_end ] --END-- [ RunTime:0.002005s ]

[ 2020-12-08T14:24:57+08:00 ] 127.0.0.1 /Home/Ocr/ocrWZ
INFO: [ app_init ] --START--
INFO: Run Behavior\BuildLiteBehavior [ RunTime:0.000028s ]
INFO: [ app_init ] --END-- [ RunTime:0.001003s ]
INFO: [ app_begin ] --START--
INFO: Run Behavior\ReadHtmlCacheBehavior [ RunTime:0.001970s ]
INFO: [ app_begin ] --END-- [ RunTime:0.002112s ]
SQL: SHOW COLUMNS FROM `user` [ RunTime:0.0460s ]
SQL: SELECT * FROM `user` WHERE ( username='1' )  [ RunTime:0.0007s ]

[ 2020-12-08T14:25:07+08:00 ] 127.0.0.1 /Home/Ocr/ocrWZ
INFO: [ app_init ] --START--
INFO: Run Behavior\BuildLiteBehavior [ RunTime:0.000015s ]
INFO: [ app_init ] --END-- [ RunTime:0.000594s ]
INFO: [ app_begin ] --START--
INFO: Run Behavior\ReadHtmlCacheBehavior [ RunTime:0.000937s ]
INFO: [ app_begin ] --END-- [ RunTime:0.001005s ]
SQL: SHOW COLUMNS FROM `user` [ RunTime:0.0179s ]
SQL: SELECT * FROM `user` WHERE ( username='1' )  [ RunTime:0.0003s ]

[ 2020-12-08T14:25:17+08:00 ] 127.0.0.1 /Home/Index/addAjax
INFO: [ app_init ] --START--
INFO: Run Behavior\BuildLiteBehavior [ RunTime:0.000019s ]
INFO: [ app_init ] --END-- [ RunTime:0.000693s ]
INFO: [ app_begin ] --START--
INFO: Run Behavior\ReadHtmlCacheBehavior [ RunTime:0.001191s ]
INFO: [ app_begin ] --END-- [ RunTime:0.001268s ]
SQL: SHOW COLUMNS FROM `user` [ RunTime:0.0194s ]
SQL: SELECT * FROM `user` WHERE ( username='vip' and password='e10adc3949ba59abbe56e057f20f883e' )  [ RunTime:0.0003s ]
INFO: [ app_end ] --START--
INFO: Run Behavior\ShowPageTraceBehavior [ RunTime:0.000693s ]
INFO: [ app_end ] --END-- [ RunTime:0.000727s ]

[ 2020-12-08T14:25:21+08:00 ] 127.0.0.1 /Home/Ocr/ocrWZ
INFO: [ app_init ] --START--
INFO: Run Behavior\BuildLiteBehavior [ RunTime:0.000017s ]
INFO: [ app_init ] --END-- [ RunTime:0.000602s ]
INFO: [ app_begin ] --START--
INFO: Run Behavior\ReadHtmlCacheBehavior [ RunTime:0.000841s ]
INFO: [ app_begin ] --END-- [ RunTime:0.000892s ]
SQL: SHOW COLUMNS FROM `user` [ RunTime:0.0174s ]
SQL: SELECT * FROM `user` WHERE ( username='vip' )  [ RunTime:0.0003s ]
NOTIC: [8] Undefined variable: APP_ID D:\upupw\UPUPW_AP5.5_64\vhosts\www.onlineOCR.com\Application\Home\Controller\OcrController.class.php 第 32 行.
INFO: [ app_end ] --START--
INFO: Run Behavior\ShowPageTraceBehavior [ RunTime:0.000727s ]
INFO: [ app_end ] --END-- [ RunTime:0.000779s ]

