[ 2020-12-21T10:37:23+08:00 ] 127.0.0.1 /Home/Index/index
INFO: [ app_init ] --START--
INFO: Run Behavior\BuildLiteBehavior [ RunTime:0.000015s ]
INFO: [ app_init ] --END-- [ RunTime:0.015923s ]
INFO: [ app_begin ] --START--
INFO: Run Behavior\ReadHtmlCacheBehavior [ RunTime:0.015095s ]
INFO: [ app_begin ] --END-- [ RunTime:0.015159s ]
INFO: [ view_parse ] --START--
INFO: [ template_filter ] --START--
INFO: Run Behavior\ContentReplaceBehavior [ RunTime:0.003129s ]
INFO: [ template_filter ] --END-- [ RunTime:0.003186s ]
INFO: Run Behavior\ParseTemplateBehavior [ RunTime:0.265421s ]
INFO: [ view_parse ] --END-- [ RunTime:0.265481s ]
INFO: [ view_filter ] --START--
INFO: Run Behavior\WriteHtmlCacheBehavior [ RunTime:0.011051s ]
INFO: [ view_filter ] --END-- [ RunTime:0.011093s ]
INFO: [ app_end ] --START--
INFO: Run Behavior\ShowPageTraceBehavior [ RunTime:0.011243s ]
INFO: [ app_end ] --END-- [ RunTime:0.011293s ]

[ 2020-12-21T10:37:36+08:00 ] 127.0.0.1 /Home/Index/addAjax
INFO: [ app_init ] --START--
INFO: Run Behavior\BuildLiteBehavior [ RunTime:0.000009s ]
INFO: [ app_init ] --END-- [ RunTime:0.000306s ]
INFO: [ app_begin ] --START--
INFO: Run Behavior\ReadHtmlCacheBehavior [ RunTime:0.000493s ]
INFO: [ app_begin ] --END-- [ RunTime:0.000530s ]
SQL: SHOW COLUMNS FROM `user` [ RunTime:0.1687s ]
SQL: SELECT * FROM `user` WHERE ( username='vip' and password='e10adc3949ba59abbe56e057f20f883e' )  [ RunTime:0.0266s ]
INFO: [ app_end ] --START--
INFO: Run Behavior\ShowPageTraceBehavior [ RunTime:0.000720s ]
INFO: [ app_end ] --END-- [ RunTime:0.000791s ]

[ 2020-12-21T10:37:54+08:00 ] 127.0.0.1 /Home/Ocr/ocrWZ
INFO: [ app_init ] --START--
INFO: Run Behavior\BuildLiteBehavior [ RunTime:0.000019s ]
INFO: [ app_init ] --END-- [ RunTime:0.000595s ]
INFO: [ app_begin ] --START--
INFO: Run Behavior\ReadHtmlCacheBehavior [ RunTime:0.000588s ]
INFO: [ app_begin ] --END-- [ RunTime:0.000649s ]
SQL: SHOW COLUMNS FROM `user` [ RunTime:0.0338s ]
SQL: SELECT * FROM `user` WHERE ( username='vip' )  [ RunTime:0.0004s ]
NOTIC: [8] Undefined variable: APP_ID D:\upupw\UPUPW_AP5.5_64\vhosts\www.onlineOCR.com\Application\Home\Controller\OcrController.class.php 第 32 行.
INFO: [ app_end ] --START--
INFO: Run Behavior\ShowPageTraceBehavior [ RunTime:0.000463s ]
INFO: [ app_end ] --END-- [ RunTime:0.000514s ]

[ 2020-12-21T10:38:05+08:00 ] 127.0.0.1 /Home/Ocr/ocrBG
INFO: [ app_init ] --START--
INFO: Run Behavior\BuildLiteBehavior [ RunTime:0.000027s ]
INFO: [ app_init ] --END-- [ RunTime:0.000827s ]
INFO: [ app_begin ] --START--
INFO: Run Behavior\ReadHtmlCacheBehavior [ RunTime:0.001096s ]
INFO: [ app_begin ] --END-- [ RunTime:0.001202s ]
SQL: SHOW COLUMNS FROM `user` [ RunTime:0.0446s ]
SQL: SELECT * FROM `user` WHERE ( username='vip' )  [ RunTime:0.0007s ]
NOTIC: [8] Undefined variable: APP_ID D:\upupw\UPUPW_AP5.5_64\vhosts\www.onlineOCR.com\Application\Home\Controller\OcrController.class.php 第 48 行.
NOTIC: [8] Undefined index: result D:\upupw\UPUPW_AP5.5_64\vhosts\www.onlineOCR.com\Application\Home\Controller\OcrController.class.php 第 54 行.
INFO: [ app_end ] --START--
INFO: Run Behavior\ShowPageTraceBehavior [ RunTime:0.001348s ]
INFO: [ app_end ] --END-- [ RunTime:0.001477s ]

[ 2020-12-21T10:38:47+08:00 ] 127.0.0.1 /Home/Ocr/ocrWZ
INFO: [ app_init ] --START--
INFO: Run Behavior\BuildLiteBehavior [ RunTime:0.000011s ]
INFO: [ app_init ] --END-- [ RunTime:0.000325s ]
INFO: [ app_begin ] --START--
INFO: Run Behavior\ReadHtmlCacheBehavior [ RunTime:0.000398s ]
INFO: [ app_begin ] --END-- [ RunTime:0.000441s ]
SQL: SHOW COLUMNS FROM `user` [ RunTime:0.0535s ]
SQL: SELECT * FROM `user` WHERE ( username='vip' )  [ RunTime:0.0003s ]
NOTIC: [8] Undefined variable: APP_ID D:\upupw\UPUPW_AP5.5_64\vhosts\www.onlineOCR.com\Application\Home\Controller\OcrController.class.php 第 32 行.
INFO: [ app_end ] --START--
INFO: Run Behavior\ShowPageTraceBehavior [ RunTime:0.000680s ]
INFO: [ app_end ] --END-- [ RunTime:0.000743s ]

[ 2020-12-21T10:39:07+08:00 ] 127.0.0.1 /Home/Ocr/ocrSZ
INFO: [ app_init ] --START--
INFO: Run Behavior\BuildLiteBehavior [ RunTime:0.000016s ]
INFO: [ app_init ] --END-- [ RunTime:0.000414s ]
INFO: [ app_begin ] --START--
INFO: Run Behavior\ReadHtmlCacheBehavior [ RunTime:0.000500s ]
INFO: [ app_begin ] --END-- [ RunTime:0.000561s ]
SQL: SHOW COLUMNS FROM `user` [ RunTime:0.0240s ]
SQL: SELECT * FROM `user` WHERE ( username='vip' )  [ RunTime:0.0004s ]
NOTIC: [8] Undefined variable: APP_ID D:\upupw\UPUPW_AP5.5_64\vhosts\www.onlineOCR.com\Application\Home\Controller\OcrController.class.php 第 99 行.
INFO: [ app_end ] --START--
INFO: Run Behavior\ShowPageTraceBehavior [ RunTime:0.000475s ]
INFO: [ app_end ] --END-- [ RunTime:0.000523s ]

[ 2020-12-21T10:40:23+08:00 ] 127.0.0.1 /Home/Ocr/ocrFK
INFO: [ app_init ] --START--
INFO: Run Behavior\BuildLiteBehavior [ RunTime:0.000030s ]
INFO: [ app_init ] --END-- [ RunTime:0.001232s ]
INFO: [ app_begin ] --START--
INFO: Run Behavior\ReadHtmlCacheBehavior [ RunTime:0.001615s ]
INFO: [ app_begin ] --END-- [ RunTime:0.001734s ]
SQL: SHOW COLUMNS FROM `user` [ RunTime:0.2387s ]
SQL: SELECT * FROM `user` WHERE ( username='vip' )  [ RunTime:0.0005s ]
NOTIC: [8] Undefined variable: APP_ID D:\upupw\UPUPW_AP5.5_64\vhosts\www.onlineOCR.com\Application\Home\Controller\OcrController.class.php 第 116 行.
INFO: [ app_end ] --START--
INFO: Run Behavior\ShowPageTraceBehavior [ RunTime:0.001799s ]
INFO: [ app_end ] --END-- [ RunTime:0.001924s ]

[ 2020-12-21T10:40:31+08:00 ] 127.0.0.1 /Home/Ocr/ocrZJ
INFO: [ app_init ] --START--
INFO: Run Behavior\BuildLiteBehavior [ RunTime:0.000026s ]
INFO: [ app_init ] --END-- [ RunTime:0.000809s ]
INFO: [ app_begin ] --START--
INFO: Run Behavior\ReadHtmlCacheBehavior [ RunTime:0.001018s ]
INFO: [ app_begin ] --END-- [ RunTime:0.001114s ]
SQL: SHOW COLUMNS FROM `user` [ RunTime:0.0286s ]
SQL: SELECT * FROM `user` WHERE ( username='vip' )  [ RunTime:0.0003s ]
NOTIC: [8] Undefined variable: APP_ID D:\upupw\UPUPW_AP5.5_64\vhosts\www.onlineOCR.com\Application\Home\Controller\OcrController.class.php 第 82 行.
INFO: [ app_end ] --START--
INFO: Run Behavior\ShowPageTraceBehavior [ RunTime:0.001430s ]
INFO: [ app_end ] --END-- [ RunTime:0.001588s ]

[ 2020-12-21T10:40:43+08:00 ] 127.0.0.1 /Home/Admin/login
INFO: [ app_init ] --START--
INFO: Run Behavior\BuildLiteBehavior [ RunTime:0.000011s ]
INFO: [ app_init ] --END-- [ RunTime:0.000309s ]
INFO: [ app_begin ] --START--
INFO: Run Behavior\ReadHtmlCacheBehavior [ RunTime:0.000377s ]
INFO: [ app_begin ] --END-- [ RunTime:0.000418s ]
INFO: [ view_parse ] --START--
INFO: [ template_filter ] --START--
INFO: Run Behavior\ContentReplaceBehavior [ RunTime:0.000071s ]
INFO: [ template_filter ] --END-- [ RunTime:0.000144s ]
INFO: Run Behavior\ParseTemplateBehavior [ RunTime:0.054422s ]
INFO: [ view_parse ] --END-- [ RunTime:0.054481s ]
INFO: [ view_filter ] --START--
INFO: Run Behavior\WriteHtmlCacheBehavior [ RunTime:0.000487s ]
INFO: [ view_filter ] --END-- [ RunTime:0.000521s ]
INFO: [ app_end ] --START--
INFO: Run Behavior\ShowPageTraceBehavior [ RunTime:0.000393s ]
INFO: [ app_end ] --END-- [ RunTime:0.000429s ]

[ 2020-12-21T10:40:45+08:00 ] 127.0.0.1 /Home/Admin/loginAjax
INFO: [ app_init ] --START--
INFO: Run Behavior\BuildLiteBehavior [ RunTime:0.000011s ]
INFO: [ app_init ] --END-- [ RunTime:0.000302s ]
INFO: [ app_begin ] --START--
INFO: Run Behavior\ReadHtmlCacheBehavior [ RunTime:0.000422s ]
INFO: [ app_begin ] --END-- [ RunTime:0.000462s ]
SQL: SHOW COLUMNS FROM `admin` [ RunTime:0.0945s ]
SQL: SELECT * FROM `admin` WHERE ( username='admin' and password='e10adc3949ba59abbe56e057f20f883e' )  [ RunTime:0.0003s ]
INFO: [ app_end ] --START--
INFO: Run Behavior\ShowPageTraceBehavior [ RunTime:0.000461s ]
INFO: [ app_end ] --END-- [ RunTime:0.000497s ]

[ 2020-12-21T10:40:45+08:00 ] 127.0.0.1 /Home/Admin/login
INFO: [ app_init ] --START--
INFO: Run Behavior\BuildLiteBehavior [ RunTime:0.000010s ]
INFO: [ app_init ] --END-- [ RunTime:0.000364s ]
INFO: [ app_begin ] --START--
INFO: Run Behavior\ReadHtmlCacheBehavior [ RunTime:0.000563s ]
INFO: [ app_begin ] --END-- [ RunTime:0.000606s ]
INFO: [ view_parse ] --START--
INFO: [ template_filter ] --START--
INFO: Run Behavior\ContentReplaceBehavior [ RunTime:0.000040s ]
INFO: [ template_filter ] --END-- [ RunTime:0.000090s ]
INFO: Run Behavior\ParseTemplateBehavior [ RunTime:0.007065s ]
INFO: [ view_parse ] --END-- [ RunTime:0.007131s ]
INFO: [ view_filter ] --START--
INFO: Run Behavior\WriteHtmlCacheBehavior [ RunTime:0.000979s ]
INFO: [ view_filter ] --END-- [ RunTime:0.001067s ]
INFO: [ app_end ] --START--
INFO: Run Behavior\ShowPageTraceBehavior [ RunTime:0.000679s ]
INFO: [ app_end ] --END-- [ RunTime:0.000718s ]

[ 2020-12-21T10:40:47+08:00 ] 127.0.0.1 /Home/Admin/index
INFO: [ app_init ] --START--
INFO: Run Behavior\BuildLiteBehavior [ RunTime:0.000021s ]
INFO: [ app_init ] --END-- [ RunTime:0.000609s ]
INFO: [ app_begin ] --START--
INFO: Run Behavior\ReadHtmlCacheBehavior [ RunTime:0.000743s ]
INFO: [ app_begin ] --END-- [ RunTime:0.000824s ]
INFO: [ view_parse ] --START--
INFO: [ template_filter ] --START--
INFO: Run Behavior\ContentReplaceBehavior [ RunTime:0.000238s ]
INFO: [ template_filter ] --END-- [ RunTime:0.000390s ]
INFO: Run Behavior\ParseTemplateBehavior [ RunTime:0.153046s ]
INFO: [ view_parse ] --END-- [ RunTime:0.153167s ]
INFO: [ view_filter ] --START--
INFO: Run Behavior\WriteHtmlCacheBehavior [ RunTime:0.001237s ]
INFO: [ view_filter ] --END-- [ RunTime:0.001316s ]
INFO: [ app_end ] --START--
INFO: Run Behavior\ShowPageTraceBehavior [ RunTime:0.002666s ]
INFO: [ app_end ] --END-- [ RunTime:0.002847s ]

[ 2020-12-21T10:40:47+08:00 ] 127.0.0.1 /Home/Admin/welcome.html
INFO: [ app_init ] --START--
INFO: Run Behavior\BuildLiteBehavior [ RunTime:0.000019s ]
INFO: [ app_init ] --END-- [ RunTime:0.000627s ]
INFO: [ app_begin ] --START--
INFO: Run Behavior\ReadHtmlCacheBehavior [ RunTime:0.001563s ]
INFO: [ app_begin ] --END-- [ RunTime:0.001843s ]
INFO: [ view_parse ] --START--
INFO: [ template_filter ] --START--
INFO: Run Behavior\ContentReplaceBehavior [ RunTime:0.000074s ]
INFO: [ template_filter ] --END-- [ RunTime:0.000147s ]
INFO: Run Behavior\ParseTemplateBehavior [ RunTime:0.059476s ]
INFO: [ view_parse ] --END-- [ RunTime:0.059563s ]
INFO: [ view_filter ] --START--
INFO: Run Behavior\WriteHtmlCacheBehavior [ RunTime:0.000819s ]
INFO: [ view_filter ] --END-- [ RunTime:0.000869s ]
INFO: [ app_end ] --START--
INFO: Run Behavior\ShowPageTraceBehavior [ RunTime:0.000845s ]
INFO: [ app_end ] --END-- [ RunTime:0.000895s ]

[ 2020-12-21T10:40:50+08:00 ] 127.0.0.1 /Home/Admin/pageManage
INFO: [ app_init ] --START--
INFO: Run Behavior\BuildLiteBehavior [ RunTime:0.000023s ]
INFO: [ app_init ] --END-- [ RunTime:0.000719s ]
INFO: [ app_begin ] --START--
INFO: Run Behavior\ReadHtmlCacheBehavior [ RunTime:0.001211s ]
INFO: [ app_begin ] --END-- [ RunTime:0.001302s ]
SQL: SHOW COLUMNS FROM `user` [ RunTime:0.0233s ]
SQL: SELECT * FROM `user`  [ RunTime:0.0085s ]
INFO: [ view_parse ] --START--
INFO: [ template_filter ] --START--
INFO: Run Behavior\ContentReplaceBehavior [ RunTime:0.000049s ]
INFO: [ template_filter ] --END-- [ RunTime:0.000091s ]
INFO: Run Behavior\ParseTemplateBehavior [ RunTime:0.146278s ]
INFO: [ view_parse ] --END-- [ RunTime:0.146354s ]
INFO: [ view_filter ] --START--
INFO: Run Behavior\WriteHtmlCacheBehavior [ RunTime:0.000458s ]
INFO: [ view_filter ] --END-- [ RunTime:0.000490s ]
INFO: [ app_end ] --START--
INFO: Run Behavior\ShowPageTraceBehavior [ RunTime:0.000621s ]
INFO: [ app_end ] --END-- [ RunTime:0.000658s ]

[ 2020-12-21T10:41:00+08:00 ] 127.0.0.1 /Home/Admin/pageDel
INFO: [ app_init ] --START--
INFO: Run Behavior\BuildLiteBehavior [ RunTime:0.000015s ]
INFO: [ app_init ] --END-- [ RunTime:0.000403s ]
INFO: [ app_begin ] --START--
INFO: Run Behavior\ReadHtmlCacheBehavior [ RunTime:0.000555s ]
INFO: [ app_begin ] --END-- [ RunTime:0.000610s ]
SQL: SHOW COLUMNS FROM `user` [ RunTime:0.0149s ]
SQL: DELETE FROM `user` WHERE `username` = '1' [ RunTime:0.0838s ]
INFO: [ app_end ] --START--
INFO: Run Behavior\ShowPageTraceBehavior [ RunTime:0.000792s ]
INFO: [ app_end ] --END-- [ RunTime:0.000830s ]

[ 2020-12-21T10:41:05+08:00 ] 127.0.0.1 /Home/Admin/pageDel
INFO: [ app_init ] --START--
INFO: Run Behavior\BuildLiteBehavior [ RunTime:0.000076s ]
INFO: [ app_init ] --END-- [ RunTime:0.000909s ]
INFO: [ app_begin ] --START--
INFO: Run Behavior\ReadHtmlCacheBehavior [ RunTime:0.001009s ]
INFO: [ app_begin ] --END-- [ RunTime:0.001131s ]
SQL: SHOW COLUMNS FROM `user` [ RunTime:0.0374s ]
SQL: DELETE FROM `user` WHERE `username` = 'aa' [ RunTime:0.0007s ]
INFO: [ app_end ] --START--
INFO: Run Behavior\ShowPageTraceBehavior [ RunTime:0.002002s ]
INFO: [ app_end ] --END-- [ RunTime:0.002099s ]

[ 2020-12-21T10:41:10+08:00 ] 127.0.0.1 /Home/Admin/myShow
INFO: [ app_init ] --START--
INFO: Run Behavior\BuildLiteBehavior [ RunTime:0.000026s ]
INFO: [ app_init ] --END-- [ RunTime:0.000804s ]
INFO: [ app_begin ] --START--
INFO: Run Behavior\ReadHtmlCacheBehavior [ RunTime:0.001127s ]
INFO: [ app_begin ] --END-- [ RunTime:0.001232s ]
SQL: SHOW COLUMNS FROM `user` [ RunTime:0.0151s ]
SQL: UPDATE `user` SET `vip`='0' WHERE `username` = 'test' [ RunTime:0.0055s ]
INFO: [ app_end ] --START--
INFO: Run Behavior\ShowPageTraceBehavior [ RunTime:0.000736s ]
INFO: [ app_end ] --END-- [ RunTime:0.000768s ]

[ 2020-12-21T10:41:15+08:00 ] 127.0.0.1 /Home/Admin/myShow
INFO: [ app_init ] --START--
INFO: Run Behavior\BuildLiteBehavior [ RunTime:0.000026s ]
INFO: [ app_init ] --END-- [ RunTime:0.000806s ]
INFO: [ app_begin ] --START--
INFO: Run Behavior\ReadHtmlCacheBehavior [ RunTime:0.001057s ]
INFO: [ app_begin ] --END-- [ RunTime:0.001162s ]
SQL: SHOW COLUMNS FROM `user` [ RunTime:0.0432s ]
SQL: UPDATE `user` SET `vip`='1' WHERE `username` = 'test' [ RunTime:0.0007s ]
INFO: [ app_end ] --START--
INFO: Run Behavior\ShowPageTraceBehavior [ RunTime:0.002598s ]
INFO: [ app_end ] --END-- [ RunTime:0.002716s ]

[ 2020-12-21T10:41:17+08:00 ] 127.0.0.1 /Home/Admin/myShow
INFO: [ app_init ] --START--
INFO: Run Behavior\BuildLiteBehavior [ RunTime:0.000029s ]
INFO: [ app_init ] --END-- [ RunTime:0.000825s ]
INFO: [ app_begin ] --START--
INFO: Run Behavior\ReadHtmlCacheBehavior [ RunTime:0.001072s ]
INFO: [ app_begin ] --END-- [ RunTime:0.001180s ]
SQL: SHOW COLUMNS FROM `user` [ RunTime:0.0274s ]
SQL: UPDATE `user` SET `vip`='0' WHERE `username` = 'test' [ RunTime:0.0003s ]
INFO: [ app_end ] --START--
INFO: Run Behavior\ShowPageTraceBehavior [ RunTime:0.000944s ]
INFO: [ app_end ] --END-- [ RunTime:0.000985s ]

[ 2020-12-21T10:41:50+08:00 ] 127.0.0.1 /Home/Admin/search.php
INFO: [ app_init ] --START--
INFO: Run Behavior\BuildLiteBehavior [ RunTime:0.000027s ]
INFO: [ app_init ] --END-- [ RunTime:0.000827s ]
INFO: [ app_begin ] --START--
INFO: Run Behavior\ReadHtmlCacheBehavior [ RunTime:0.001037s ]
INFO: [ app_begin ] --END-- [ RunTime:0.001146s ]
ERR: 非法操作:search.php

[ 2020-12-21T10:41:52+08:00 ] 127.0.0.1 http://www.onlineocr.com/Home/Admin/pageManage
INFO: [ app_init ] --START--
INFO: Run Behavior\BuildLiteBehavior [ RunTime:0.000027s ]
INFO: [ app_init ] --END-- [ RunTime:0.000813s ]
INFO: [ app_begin ] --START--
INFO: Run Behavior\ReadHtmlCacheBehavior [ RunTime:0.001034s ]
INFO: [ app_begin ] --END-- [ RunTime:0.001140s ]
SQL: SHOW COLUMNS FROM `user` [ RunTime:0.0201s ]
SQL: SELECT * FROM `user`  [ RunTime:0.0003s ]
INFO: [ view_parse ] --START--
INFO: [ template_filter ] --START--
INFO: Run Behavior\ContentReplaceBehavior [ RunTime:0.000052s ]
INFO: [ template_filter ] --END-- [ RunTime:0.000096s ]
INFO: Run Behavior\ParseTemplateBehavior [ RunTime:0.008823s ]
INFO: [ view_parse ] --END-- [ RunTime:0.008871s ]
INFO: [ view_filter ] --START--
INFO: Run Behavior\WriteHtmlCacheBehavior [ RunTime:0.000474s ]
INFO: [ view_filter ] --END-- [ RunTime:0.000504s ]
INFO: [ app_end ] --START--
INFO: Run Behavior\ShowPageTraceBehavior [ RunTime:0.000603s ]
INFO: [ app_end ] --END-- [ RunTime:0.000636s ]

[ 2020-12-21T14:05:54+08:00 ] 127.0.0.1 /Home/Index/index
INFO: [ app_init ] --START--
INFO: Run Behavior\BuildLiteBehavior [ RunTime:0.000014s ]
INFO: [ app_init ] --END-- [ RunTime:0.128867s ]
INFO: [ app_begin ] --START--
INFO: Run Behavior\ReadHtmlCacheBehavior [ RunTime:0.016537s ]
INFO: [ app_begin ] --END-- [ RunTime:0.016604s ]
INFO: [ view_parse ] --START--
INFO: [ template_filter ] --START--
INFO: Run Behavior\ContentReplaceBehavior [ RunTime:0.002044s ]
INFO: [ template_filter ] --END-- [ RunTime:0.002103s ]
INFO: Run Behavior\ParseTemplateBehavior [ RunTime:0.178776s ]
INFO: [ view_parse ] --END-- [ RunTime:0.178843s ]
INFO: [ view_filter ] --START--
INFO: Run Behavior\WriteHtmlCacheBehavior [ RunTime:0.023028s ]
INFO: [ view_filter ] --END-- [ RunTime:0.023082s ]
INFO: [ app_end ] --START--
INFO: Run Behavior\ShowPageTraceBehavior [ RunTime:0.015347s ]
INFO: [ app_end ] --END-- [ RunTime:0.015426s ]

