[ 2021-04-15T14:31:41+08:00 ] 127.0.0.1 /
INFO: [ app_init ] --START--
INFO: Run Behavior\BuildLiteBehavior [ RunTime:0.000009s ]
INFO: [ app_init ] --END-- [ RunTime:0.000333s ]
INFO: [ app_begin ] --START--
INFO: Run Behavior\ReadHtmlCacheBehavior [ RunTime:0.000643s ]
INFO: [ app_begin ] --END-- [ RunTime:0.000682s ]
INFO: [ view_parse ] --START--
INFO: [ template_filter ] --START--
INFO: Run Behavior\ContentReplaceBehavior [ RunTime:0.000106s ]
INFO: [ template_filter ] --END-- [ RunTime:0.000151s ]
INFO: Run Behavior\ParseTemplateBehavior [ RunTime:0.077391s ]
INFO: [ view_parse ] --END-- [ RunTime:0.077440s ]
INFO: [ view_filter ] --START--
INFO: Run Behavior\WriteHtmlCacheBehavior [ RunTime:0.000638s ]
INFO: [ view_filter ] --END-- [ RunTime:0.000665s ]
INFO: [ app_end ] --START--
INFO: Run Behavior\ShowPageTraceBehavior [ RunTime:0.000647s ]
INFO: [ app_end ] --END-- [ RunTime:0.000676s ]

[ 2021-04-15T14:32:55+08:00 ] 127.0.0.1 /Home/Index/addAjax
INFO: [ app_init ] --START--
INFO: Run Behavior\BuildLiteBehavior [ RunTime:0.000010s ]
INFO: [ app_init ] --END-- [ RunTime:0.000307s ]
INFO: [ app_begin ] --START--
INFO: Run Behavior\ReadHtmlCacheBehavior [ RunTime:0.000427s ]
INFO: [ app_begin ] --END-- [ RunTime:0.000457s ]
SQL: SHOW COLUMNS FROM `user` [ RunTime:0.0620s ]
SQL: SELECT * FROM `user` WHERE ( username='' and password='d41d8cd98f00b204e9800998ecf8427e' )  [ RunTime:0.0099s ]
NOTIC: [8] Undefined offset: 0 D:\upupw\UPUPW_AP5.5_64\vhosts\www.onlineOCR.com\Application\Home\Controller\IndexController.class.php 第 30 行.
NOTIC: [8] Undefined offset: 0 D:\upupw\UPUPW_AP5.5_64\vhosts\www.onlineOCR.com\Application\Home\Controller\IndexController.class.php 第 31 行.
INFO: [ app_end ] --START--
INFO: Run Behavior\ShowPageTraceBehavior [ RunTime:0.000780s ]
INFO: [ app_end ] --END-- [ RunTime:0.000824s ]

[ 2021-04-15T14:33:07+08:00 ] 127.0.0.1 /Home/Index/addAjax
INFO: [ app_init ] --START--
INFO: Run Behavior\BuildLiteBehavior [ RunTime:0.000030s ]
INFO: [ app_init ] --END-- [ RunTime:0.000591s ]
INFO: [ app_begin ] --START--
INFO: Run Behavior\ReadHtmlCacheBehavior [ RunTime:0.000635s ]
INFO: [ app_begin ] --END-- [ RunTime:0.000722s ]
SQL: SHOW COLUMNS FROM `user` [ RunTime:0.0128s ]
SQL: SELECT * FROM `user` WHERE ( username='' and password='d41d8cd98f00b204e9800998ecf8427e' )  [ RunTime:0.0005s ]
NOTIC: [8] Undefined offset: 0 D:\upupw\UPUPW_AP5.5_64\vhosts\www.onlineOCR.com\Application\Home\Controller\IndexController.class.php 第 30 行.
NOTIC: [8] Undefined offset: 0 D:\upupw\UPUPW_AP5.5_64\vhosts\www.onlineOCR.com\Application\Home\Controller\IndexController.class.php 第 31 行.
INFO: [ app_end ] --START--
INFO: Run Behavior\ShowPageTraceBehavior [ RunTime:0.000931s ]
INFO: [ app_end ] --END-- [ RunTime:0.000989s ]

[ 2021-04-15T14:33:10+08:00 ] 127.0.0.1 /
INFO: [ app_init ] --START--
INFO: Run Behavior\BuildLiteBehavior [ RunTime:0.000073s ]
INFO: [ app_init ] --END-- [ RunTime:0.001887s ]
INFO: [ app_begin ] --START--
INFO: Run Behavior\ReadHtmlCacheBehavior [ RunTime:0.000645s ]
INFO: [ app_begin ] --END-- [ RunTime:0.000708s ]
INFO: [ view_parse ] --START--
INFO: [ template_filter ] --START--
INFO: Run Behavior\ContentReplaceBehavior [ RunTime:0.000117s ]
INFO: [ template_filter ] --END-- [ RunTime:0.000178s ]
INFO: Run Behavior\ParseTemplateBehavior [ RunTime:0.050608s ]
INFO: [ view_parse ] --END-- [ RunTime:0.050659s ]
INFO: [ view_filter ] --START--
INFO: Run Behavior\WriteHtmlCacheBehavior [ RunTime:0.000425s ]
INFO: [ view_filter ] --END-- [ RunTime:0.000452s ]
INFO: [ app_end ] --START--
INFO: Run Behavior\ShowPageTraceBehavior [ RunTime:0.000302s ]
INFO: [ app_end ] --END-- [ RunTime:0.000332s ]

[ 2021-04-15T14:33:12+08:00 ] 127.0.0.1 /Home/Index/addAjax
INFO: [ app_init ] --START--
INFO: Run Behavior\BuildLiteBehavior [ RunTime:0.000012s ]
INFO: [ app_init ] --END-- [ RunTime:0.000377s ]
INFO: [ app_begin ] --START--
INFO: Run Behavior\ReadHtmlCacheBehavior [ RunTime:0.000468s ]
INFO: [ app_begin ] --END-- [ RunTime:0.000537s ]
SQL: SHOW COLUMNS FROM `user` [ RunTime:0.0089s ]
SQL: SELECT * FROM `user` WHERE ( username='' and password='d41d8cd98f00b204e9800998ecf8427e' )  [ RunTime:0.0002s ]
NOTIC: [8] Undefined offset: 0 D:\upupw\UPUPW_AP5.5_64\vhosts\www.onlineOCR.com\Application\Home\Controller\IndexController.class.php 第 30 行.
NOTIC: [8] Undefined offset: 0 D:\upupw\UPUPW_AP5.5_64\vhosts\www.onlineOCR.com\Application\Home\Controller\IndexController.class.php 第 31 行.
INFO: [ app_end ] --START--
INFO: Run Behavior\ShowPageTraceBehavior [ RunTime:0.000366s ]
INFO: [ app_end ] --END-- [ RunTime:0.000391s ]

[ 2021-04-15T14:33:19+08:00 ] 127.0.0.1 /Home/Index/addAjax
INFO: [ app_init ] --START--
INFO: Run Behavior\BuildLiteBehavior [ RunTime:0.000010s ]
INFO: [ app_init ] --END-- [ RunTime:0.000385s ]
INFO: [ app_begin ] --START--
INFO: Run Behavior\ReadHtmlCacheBehavior [ RunTime:0.000629s ]
INFO: [ app_begin ] --END-- [ RunTime:0.000659s ]
SQL: SHOW COLUMNS FROM `user` [ RunTime:0.0092s ]
SQL: SELECT * FROM `user` WHERE ( username='' and password='d41d8cd98f00b204e9800998ecf8427e' )  [ RunTime:0.0002s ]
NOTIC: [8] Undefined offset: 0 D:\upupw\UPUPW_AP5.5_64\vhosts\www.onlineOCR.com\Application\Home\Controller\IndexController.class.php 第 30 行.
NOTIC: [8] Undefined offset: 0 D:\upupw\UPUPW_AP5.5_64\vhosts\www.onlineOCR.com\Application\Home\Controller\IndexController.class.php 第 31 行.
INFO: [ app_end ] --START--
INFO: Run Behavior\ShowPageTraceBehavior [ RunTime:0.000727s ]
INFO: [ app_end ] --END-- [ RunTime:0.000752s ]

