[ 2021-01-13T19:24:32+08:00 ] 127.0.0.1 /Home/Index/index
INFO: [ app_init ] --START--
INFO: Run Behavior\BuildLiteBehavior [ RunTime:0.000012s ]
INFO: [ app_init ] --END-- [ RunTime:0.016947s ]
INFO: [ app_begin ] --START--
INFO: Run Behavior\ReadHtmlCacheBehavior [ RunTime:0.020955s ]
INFO: [ app_begin ] --END-- [ RunTime:0.021040s ]
INFO: [ view_parse ] --START--
INFO: [ template_filter ] --START--
INFO: Run Behavior\ContentReplaceBehavior [ RunTime:0.002539s ]
INFO: [ template_filter ] --END-- [ RunTime:0.002598s ]
INFO: Run Behavior\ParseTemplateBehavior [ RunTime:0.292363s ]
INFO: [ view_parse ] --END-- [ RunTime:0.292457s ]
INFO: [ view_filter ] --START--
INFO: Run Behavior\WriteHtmlCacheBehavior [ RunTime:0.013235s ]
INFO: [ view_filter ] --END-- [ RunTime:0.013277s ]
INFO: [ app_end ] --START--
INFO: Run Behavior\ShowPageTraceBehavior [ RunTime:0.027830s ]
INFO: [ app_end ] --END-- [ RunTime:0.027971s ]

[ 2021-01-13T19:24:49+08:00 ] 127.0.0.1 /Home/Ocr/ocrWZ
INFO: [ app_init ] --START--
INFO: Run Behavior\BuildLiteBehavior [ RunTime:0.000010s ]
INFO: [ app_init ] --END-- [ RunTime:0.000342s ]
INFO: [ app_begin ] --START--
INFO: Run Behavior\ReadHtmlCacheBehavior [ RunTime:0.000541s ]
INFO: [ app_begin ] --END-- [ RunTime:0.000577s ]
SQL: SHOW COLUMNS FROM `user` [ RunTime:0.2337s ]
SQL: SELECT * FROM `user` WHERE ( username='vip' )  [ RunTime:0.0076s ]
NOTIC: [8] Undefined variable: APP_ID D:\upupw\UPUPW_AP5.5_64\vhosts\www.onlineOCR.com\Application\Home\Controller\OcrController.class.php 第 32 行.
INFO: [ app_end ] --START--
INFO: Run Behavior\ShowPageTraceBehavior [ RunTime:0.001973s ]
INFO: [ app_end ] --END-- [ RunTime:0.002087s ]

