[ 2021-01-08T09:09:42+08:00 ] 127.0.0.1 /Home/Index/index
INFO: [ app_init ] --START--
INFO: Run Behavior\BuildLiteBehavior [ RunTime:0.000015s ]
INFO: [ app_init ] --END-- [ RunTime:0.028681s ]
INFO: [ app_begin ] --START--
INFO: Run Behavior\ReadHtmlCacheBehavior [ RunTime:0.014753s ]
INFO: [ app_begin ] --END-- [ RunTime:0.014818s ]
INFO: [ view_parse ] --START--
INFO: [ template_filter ] --START--
INFO: Run Behavior\ContentReplaceBehavior [ RunTime:0.002101s ]
INFO: [ template_filter ] --END-- [ RunTime:0.002163s ]
INFO: Run Behavior\ParseTemplateBehavior [ RunTime:0.178736s ]
INFO: [ view_parse ] --END-- [ RunTime:0.178794s ]
INFO: [ view_filter ] --START--
INFO: Run Behavior\WriteHtmlCacheBehavior [ RunTime:0.011700s ]
INFO: [ view_filter ] --END-- [ RunTime:0.011741s ]
INFO: [ app_end ] --START--
INFO: Run Behavior\ShowPageTraceBehavior [ RunTime:0.016349s ]
INFO: [ app_end ] --END-- [ RunTime:0.016441s ]

[ 2021-01-08T09:11:32+08:00 ] 127.0.0.1 /Home/Index/index
INFO: [ app_init ] --START--
INFO: Run Behavior\BuildLiteBehavior [ RunTime:0.000012s ]
INFO: [ app_init ] --END-- [ RunTime:0.000389s ]
INFO: [ app_begin ] --START--
INFO: Run Behavior\ReadHtmlCacheBehavior [ RunTime:0.000613s ]
INFO: [ app_begin ] --END-- [ RunTime:0.000654s ]
INFO: [ view_parse ] --START--
INFO: [ template_filter ] --START--
INFO: Run Behavior\ContentReplaceBehavior [ RunTime:0.000119s ]
INFO: [ template_filter ] --END-- [ RunTime:0.000166s ]
INFO: Run Behavior\ParseTemplateBehavior [ RunTime:0.043657s ]
INFO: [ view_parse ] --END-- [ RunTime:0.043715s ]
INFO: [ view_filter ] --START--
INFO: Run Behavior\WriteHtmlCacheBehavior [ RunTime:0.000538s ]
INFO: [ view_filter ] --END-- [ RunTime:0.000571s ]
INFO: [ app_end ] --START--
INFO: Run Behavior\ShowPageTraceBehavior [ RunTime:0.000771s ]
INFO: [ app_end ] --END-- [ RunTime:0.000813s ]

[ 2021-01-08T09:11:41+08:00 ] 127.0.0.1 /Home/Index/addAjax
INFO: [ app_init ] --START--
INFO: Run Behavior\BuildLiteBehavior [ RunTime:0.000010s ]
INFO: [ app_init ] --END-- [ RunTime:0.000298s ]
INFO: [ app_begin ] --START--
INFO: Run Behavior\ReadHtmlCacheBehavior [ RunTime:0.000360s ]
INFO: [ app_begin ] --END-- [ RunTime:0.000397s ]
SQL: SHOW COLUMNS FROM `user` [ RunTime:0.2305s ]
SQL: SELECT * FROM `user` WHERE ( username='vip' and password='e10adc3949ba59abbe56e057f20f883e' )  [ RunTime:0.0206s ]
INFO: [ app_end ] --START--
INFO: Run Behavior\ShowPageTraceBehavior [ RunTime:0.000848s ]
INFO: [ app_end ] --END-- [ RunTime:0.000913s ]

[ 2021-01-08T09:11:56+08:00 ] 127.0.0.1 /Home/Ocr/ocrWZ
INFO: [ app_init ] --START--
INFO: Run Behavior\BuildLiteBehavior [ RunTime:0.000012s ]
INFO: [ app_init ] --END-- [ RunTime:0.000344s ]
INFO: [ app_begin ] --START--
INFO: Run Behavior\ReadHtmlCacheBehavior [ RunTime:0.001112s ]
INFO: [ app_begin ] --END-- [ RunTime:0.001202s ]
SQL: SHOW COLUMNS FROM `user` [ RunTime:0.0600s ]
SQL: SELECT * FROM `user` WHERE ( username='vip' )  [ RunTime:0.0006s ]
NOTIC: [8] Undefined variable: APP_ID D:\upupw\UPUPW_AP5.5_64\vhosts\www.onlineOCR.com\Application\Home\Controller\OcrController.class.php 第 32 行.
INFO: [ app_end ] --START--
INFO: Run Behavior\ShowPageTraceBehavior [ RunTime:0.000656s ]
INFO: [ app_end ] --END-- [ RunTime:0.000703s ]

[ 2021-01-08T09:13:25+08:00 ] 127.0.0.1 /Home/Ocr/ocrWZ
INFO: [ app_init ] --START--
INFO: Run Behavior\BuildLiteBehavior [ RunTime:0.000009s ]
INFO: [ app_init ] --END-- [ RunTime:0.000326s ]
INFO: [ app_begin ] --START--
INFO: Run Behavior\ReadHtmlCacheBehavior [ RunTime:0.000337s ]
INFO: [ app_begin ] --END-- [ RunTime:0.000369s ]
SQL: SHOW COLUMNS FROM `user` [ RunTime:0.0209s ]
SQL: SELECT * FROM `user` WHERE ( username='vip' )  [ RunTime:0.0003s ]
NOTIC: [8] Undefined variable: APP_ID D:\upupw\UPUPW_AP5.5_64\vhosts\www.onlineOCR.com\Application\Home\Controller\OcrController.class.php 第 32 行.
INFO: [ app_end ] --START--
INFO: Run Behavior\ShowPageTraceBehavior [ RunTime:0.000921s ]
INFO: [ app_end ] --END-- [ RunTime:0.000980s ]

[ 2021-01-08T09:15:03+08:00 ] 127.0.0.1 /Home/Ocr/ocrWZ
INFO: [ app_init ] --START--
INFO: Run Behavior\BuildLiteBehavior [ RunTime:0.000010s ]
INFO: [ app_init ] --END-- [ RunTime:0.000322s ]
INFO: [ app_begin ] --START--
INFO: Run Behavior\ReadHtmlCacheBehavior [ RunTime:0.000487s ]
INFO: [ app_begin ] --END-- [ RunTime:0.000523s ]
SQL: SHOW COLUMNS FROM `user` [ RunTime:0.0207s ]
SQL: SELECT * FROM `user` WHERE ( username='vip' )  [ RunTime:0.0003s ]
NOTIC: [8] Undefined variable: APP_ID D:\upupw\UPUPW_AP5.5_64\vhosts\www.onlineOCR.com\Application\Home\Controller\OcrController.class.php 第 32 行.
INFO: [ app_end ] --START--
INFO: Run Behavior\ShowPageTraceBehavior [ RunTime:0.000692s ]
INFO: [ app_end ] --END-- [ RunTime:0.000737s ]

[ 2021-01-08T09:15:08+08:00 ] 127.0.0.1 /Home/Index/index
INFO: [ app_init ] --START--
INFO: Run Behavior\BuildLiteBehavior [ RunTime:0.000061s ]
INFO: [ app_init ] --END-- [ RunTime:0.002516s ]
INFO: [ app_begin ] --START--
INFO: Run Behavior\ReadHtmlCacheBehavior [ RunTime:0.001793s ]
INFO: [ app_begin ] --END-- [ RunTime:0.001981s ]
INFO: [ view_parse ] --START--
INFO: [ template_filter ] --START--
INFO: Run Behavior\ContentReplaceBehavior [ RunTime:0.000329s ]
INFO: [ template_filter ] --END-- [ RunTime:0.000433s ]
INFO: Run Behavior\ParseTemplateBehavior [ RunTime:0.073317s ]
INFO: [ view_parse ] --END-- [ RunTime:0.073484s ]
INFO: [ view_filter ] --START--
INFO: Run Behavior\WriteHtmlCacheBehavior [ RunTime:0.000555s ]
INFO: [ view_filter ] --END-- [ RunTime:0.000589s ]
INFO: [ app_end ] --START--
INFO: Run Behavior\ShowPageTraceBehavior [ RunTime:0.000747s ]
INFO: [ app_end ] --END-- [ RunTime:0.000794s ]

[ 2021-01-08T09:15:31+08:00 ] 127.0.0.1 /Home/Ocr/ocrWZ
INFO: [ app_init ] --START--
INFO: Run Behavior\BuildLiteBehavior [ RunTime:0.000010s ]
INFO: [ app_init ] --END-- [ RunTime:0.000294s ]
INFO: [ app_begin ] --START--
INFO: Run Behavior\ReadHtmlCacheBehavior [ RunTime:0.000350s ]
INFO: [ app_begin ] --END-- [ RunTime:0.000385s ]
SQL: SHOW COLUMNS FROM `user` [ RunTime:0.0182s ]
SQL: SELECT * FROM `user` WHERE ( username='vip' )  [ RunTime:0.0005s ]
NOTIC: [8] Undefined variable: APP_ID D:\upupw\UPUPW_AP5.5_64\vhosts\www.onlineOCR.com\Application\Home\Controller\OcrController.class.php 第 32 行.
INFO: [ app_end ] --START--
INFO: Run Behavior\ShowPageTraceBehavior [ RunTime:0.002116s ]
INFO: [ app_end ] --END-- [ RunTime:0.002269s ]

[ 2021-01-08T09:16:55+08:00 ] 127.0.0.1 /Home/Ocr/ocrWZ
INFO: [ app_init ] --START--
INFO: Run Behavior\BuildLiteBehavior [ RunTime:0.000009s ]
INFO: [ app_init ] --END-- [ RunTime:0.000288s ]
INFO: [ app_begin ] --START--
INFO: Run Behavior\ReadHtmlCacheBehavior [ RunTime:0.000401s ]
INFO: [ app_begin ] --END-- [ RunTime:0.000442s ]
SQL: SHOW COLUMNS FROM `user` [ RunTime:0.0167s ]
SQL: SELECT * FROM `user` WHERE ( username='vip' )  [ RunTime:0.0004s ]
NOTIC: [8] Undefined variable: APP_ID D:\upupw\UPUPW_AP5.5_64\vhosts\www.onlineOCR.com\Application\Home\Controller\OcrController.class.php 第 32 行.
INFO: [ app_end ] --START--
INFO: Run Behavior\ShowPageTraceBehavior [ RunTime:0.000884s ]
INFO: [ app_end ] --END-- [ RunTime:0.000941s ]

