[ 2020-12-01T11:24:54+08:00 ] 127.0.0.1 /favicon.ico
INFO: [ app_init ] --START--
INFO: Run Behavior\BuildLiteBehavior [ RunTime:0.000013s ]
INFO: [ app_init ] --END-- [ RunTime:0.000595s ]
ERR: 无法加载模块:Favicon

[ 2020-12-01T11:24:56+08:00 ] 127.0.0.1 /favicon.ico
INFO: [ app_init ] --START--
INFO: Run Behavior\BuildLiteBehavior [ RunTime:0.000020s ]
INFO: [ app_init ] --END-- [ RunTime:0.000586s ]
ERR: 无法加载模块:Favicon

[ 2020-12-01T11:25:14+08:00 ] 127.0.0.1 /favicon.ico
INFO: [ app_init ] --START--
INFO: Run Behavior\BuildLiteBehavior [ RunTime:0.000029s ]
INFO: [ app_init ] --END-- [ RunTime:0.000840s ]
ERR: 无法加载模块:Favicon

[ 2020-12-01T19:02:55+08:00 ] 127.0.0.1 /favicon.ico
INFO: [ app_init ] --START--
INFO: Run Behavior\BuildLiteBehavior [ RunTime:0.000015s ]
INFO: [ app_init ] --END-- [ RunTime:0.000607s ]
ERR: 无法加载模块:Favicon

[ 2020-12-01T19:03:41+08:00 ] 127.0.0.1 /favicon.ico
INFO: [ app_init ] --START--
INFO: Run Behavior\BuildLiteBehavior [ RunTime:0.000029s ]
INFO: [ app_init ] --END-- [ RunTime:0.000883s ]
ERR: 无法加载模块:Favicon

[ 2020-12-01T19:04:06+08:00 ] 127.0.0.1 /favicon.ico
INFO: [ app_init ] --START--
INFO: Run Behavior\BuildLiteBehavior [ RunTime:0.000020s ]
INFO: [ app_init ] --END-- [ RunTime:0.000682s ]
ERR: 无法加载模块:Favicon

[ 2020-12-01T20:34:56+08:00 ] 127.0.0.1 /download/http://bj.bcebos.com/v1/ai-edgecloud/8867CDE0D9BE4EA59CA024E307016303.xls?authorization=bce-auth-v1%2Ff86a2044998643b5abc89b59158bad6d%2F2020-12-01T12%3A34%3A45Z%2F172800%2F%2F8d81c2d5d9b3b297c139f70d7afcd594932a4098396db58227af9000792b8ff2
INFO: [ app_init ] --START--
INFO: Run Behavior\BuildLiteBehavior [ RunTime:0.000017s ]
INFO: [ app_init ] --END-- [ RunTime:0.000560s ]
ERR: 无法加载模块:Download

[ 2020-12-01T20:34:56+08:00 ] 127.0.0.1 /favicon.ico
INFO: [ app_init ] --START--
INFO: Run Behavior\BuildLiteBehavior [ RunTime:0.000012s ]
INFO: [ app_init ] --END-- [ RunTime:0.000444s ]
ERR: 无法加载模块:Favicon

[ 2020-12-01T20:36:46+08:00 ] 127.0.0.1 /download/http://bj.bcebos.com/v1/ai-edgecloud/61BFE005F0BC402DA976507F9C87DCB1.xls?authorization=bce-auth-v1%2Ff86a2044998643b5abc89b59158bad6d%2F2020-12-01T12%3A36%3A40Z%2F172800%2F%2F5753322621cd8ade293c23dffcbba08164574b63ad1bee76047650357f14b2f2
INFO: [ app_init ] --START--
INFO: Run Behavior\BuildLiteBehavior [ RunTime:0.000027s ]
INFO: [ app_init ] --END-- [ RunTime:0.000887s ]
ERR: 无法加载模块:Download

[ 2020-12-01T20:37:10+08:00 ] 127.0.0.1 /download/http://bj.bcebos.com/v1/ai-edgecloud/61BFE005F0BC402DA976507F9C87DCB1.xls?authorization=bce-auth-v1%2Ff86a2044998643b5abc89b59158bad6d%2F2020-12-01T12%3A36%3A40Z%2F172800%2F%2F5753322621cd8ade293c23dffcbba08164574b63ad1bee76047650357f14b2f2
INFO: [ app_init ] --START--
INFO: Run Behavior\BuildLiteBehavior [ RunTime:0.000014s ]
INFO: [ app_init ] --END-- [ RunTime:0.000419s ]
ERR: 无法加载模块:Download

[ 2020-12-01T22:42:56+08:00 ] 127.0.0.1 /favicon.ico
INFO: [ app_init ] --START--
INFO: Run Behavior\BuildLiteBehavior [ RunTime:0.000011s ]
INFO: [ app_init ] --END-- [ RunTime:0.000369s ]
ERR: 无法加载模块:Favicon

