[ 2021-05-28T21:19:45+08:00 ] 127.0.0.1 /Public/kindeditor/plugins/code/prettify.css
INFO: [ app_init ] --START--
INFO: Run Behavior\BuildLiteBehavior [ RunTime:0.000009s ]
INFO: [ app_init ] --END-- [ RunTime:0.000221s ]
ERR: 无法加载模块:Public

[ 2021-05-28T21:19:45+08:00 ] 127.0.0.1 /Public/kindeditor/themes/default/default.css
INFO: [ app_init ] --START--
INFO: Run Behavior\BuildLiteBehavior [ RunTime:0.000009s ]
INFO: [ app_init ] --END-- [ RunTime:0.000228s ]
ERR: 无法加载模块:Public

[ 2021-05-28T21:19:45+08:00 ] 127.0.0.1 /Public/kindeditor/kindeditor-all.js
INFO: [ app_init ] --START--
INFO: Run Behavior\BuildLiteBehavior [ RunTime:0.000007s ]
INFO: [ app_init ] --END-- [ RunTime:0.000161s ]
ERR: 无法加载模块:Public

[ 2021-05-28T21:19:45+08:00 ] 127.0.0.1 /Public/kindeditor/plugins/code/prettify.js
INFO: [ app_init ] --START--
INFO: Run Behavior\BuildLiteBehavior [ RunTime:0.000010s ]
INFO: [ app_init ] --END-- [ RunTime:0.000221s ]
ERR: 无法加载模块:Public

[ 2021-05-28T21:19:45+08:00 ] 127.0.0.1 /Public/kindeditor/lang/zh-CN.js
INFO: [ app_init ] --START--
INFO: Run Behavior\BuildLiteBehavior [ RunTime:0.000007s ]
INFO: [ app_init ] --END-- [ RunTime:0.000162s ]
ERR: 无法加载模块:Public

[ 2021-05-28T21:19:45+08:00 ] 127.0.0.1 /Public/kindeditor/plugins/code/prettify.js
INFO: [ app_init ] --START--
INFO: Run Behavior\BuildLiteBehavior [ RunTime:0.000006s ]
INFO: [ app_init ] --END-- [ RunTime:0.000157s ]
ERR: 无法加载模块:Public

[ 2021-05-28T21:19:50+08:00 ] 127.0.0.1 /Public/kindeditor/themes/default/default.css
INFO: [ app_init ] --START--
INFO: Run Behavior\BuildLiteBehavior [ RunTime:0.000007s ]
INFO: [ app_init ] --END-- [ RunTime:0.000157s ]
ERR: 无法加载模块:Public

[ 2021-05-28T21:19:50+08:00 ] 127.0.0.1 /Public/kindeditor/plugins/code/prettify.css
INFO: [ app_init ] --START--
INFO: Run Behavior\BuildLiteBehavior [ RunTime:0.000007s ]
INFO: [ app_init ] --END-- [ RunTime:0.000165s ]
ERR: 无法加载模块:Public

[ 2021-05-28T21:19:50+08:00 ] 127.0.0.1 /Public/kindeditor/kindeditor-all.js
INFO: [ app_init ] --START--
INFO: Run Behavior\BuildLiteBehavior [ RunTime:0.000010s ]
INFO: [ app_init ] --END-- [ RunTime:0.000249s ]
ERR: 无法加载模块:Public

[ 2021-05-28T21:19:50+08:00 ] 127.0.0.1 /Public/kindeditor/lang/zh-CN.js
INFO: [ app_init ] --START--
INFO: Run Behavior\BuildLiteBehavior [ RunTime:0.000010s ]
INFO: [ app_init ] --END-- [ RunTime:0.000251s ]
ERR: 无法加载模块:Public

[ 2021-05-28T21:19:50+08:00 ] 127.0.0.1 /Public/kindeditor/plugins/code/prettify.js
INFO: [ app_init ] --START--
INFO: Run Behavior\BuildLiteBehavior [ RunTime:0.000007s ]
INFO: [ app_init ] --END-- [ RunTime:0.000156s ]
ERR: 无法加载模块:Public

[ 2021-05-28T21:44:51+08:00 ] 127.0.0.1 /Public/kindeditor/themes/default/default.css
INFO: [ app_init ] --START--
INFO: Run Behavior\BuildLiteBehavior [ RunTime:0.000007s ]
INFO: [ app_init ] --END-- [ RunTime:0.000158s ]
ERR: 无法加载模块:Public

[ 2021-05-28T21:44:51+08:00 ] 127.0.0.1 /Public/kindeditor/plugins/code/prettify.css
INFO: [ app_init ] --START--
INFO: Run Behavior\BuildLiteBehavior [ RunTime:0.000007s ]
INFO: [ app_init ] --END-- [ RunTime:0.000157s ]
ERR: 无法加载模块:Public

[ 2021-05-28T21:44:51+08:00 ] 127.0.0.1 /Public/kindeditor/plugins/code/prettify.js
INFO: [ app_init ] --START--
INFO: Run Behavior\BuildLiteBehavior [ RunTime:0.000008s ]
INFO: [ app_init ] --END-- [ RunTime:0.000169s ]
ERR: 无法加载模块:Public

[ 2021-05-28T21:44:51+08:00 ] 127.0.0.1 /Public/kindeditor/lang/zh-CN.js
INFO: [ app_init ] --START--
INFO: Run Behavior\BuildLiteBehavior [ RunTime:0.000009s ]
INFO: [ app_init ] --END-- [ RunTime:0.000226s ]
ERR: 无法加载模块:Public

[ 2021-05-28T21:44:51+08:00 ] 127.0.0.1 /Public/kindeditor/kindeditor-all.js
INFO: [ app_init ] --START--
INFO: Run Behavior\BuildLiteBehavior [ RunTime:0.000010s ]
INFO: [ app_init ] --END-- [ RunTime:0.000234s ]
ERR: 无法加载模块:Public

[ 2021-05-28T21:44:51+08:00 ] 127.0.0.1 /Public/kindeditor/lang/zh-CN.js
INFO: [ app_init ] --START--
INFO: Run Behavior\BuildLiteBehavior [ RunTime:0.000009s ]
INFO: [ app_init ] --END-- [ RunTime:0.000224s ]
ERR: 无法加载模块:Public

[ 2021-05-28T21:44:51+08:00 ] 127.0.0.1 /Public/kindeditor/plugins/code/prettify.js
INFO: [ app_init ] --START--
INFO: Run Behavior\BuildLiteBehavior [ RunTime:0.000007s ]
INFO: [ app_init ] --END-- [ RunTime:0.000156s ]
ERR: 无法加载模块:Public

[ 2021-05-28T21:44:56+08:00 ] 127.0.0.1 /Public/kindeditor/kindeditor-all.js
INFO: [ app_init ] --START--
INFO: Run Behavior\BuildLiteBehavior [ RunTime:0.000008s ]
INFO: [ app_init ] --END-- [ RunTime:0.000163s ]
ERR: 无法加载模块:Public

[ 2021-05-28T21:44:56+08:00 ] 127.0.0.1 /Public/kindeditor/themes/default/default.css
INFO: [ app_init ] --START--
INFO: Run Behavior\BuildLiteBehavior [ RunTime:0.000009s ]
INFO: [ app_init ] --END-- [ RunTime:0.000218s ]
ERR: 无法加载模块:Public

[ 2021-05-28T21:44:56+08:00 ] 127.0.0.1 /Public/kindeditor/lang/zh-CN.js
INFO: [ app_init ] --START--
INFO: Run Behavior\BuildLiteBehavior [ RunTime:0.000007s ]
INFO: [ app_init ] --END-- [ RunTime:0.000165s ]
ERR: 无法加载模块:Public

[ 2021-05-28T21:44:56+08:00 ] 127.0.0.1 /Public/kindeditor/plugins/code/prettify.css
INFO: [ app_init ] --START--
INFO: Run Behavior\BuildLiteBehavior [ RunTime:0.000007s ]
INFO: [ app_init ] --END-- [ RunTime:0.000170s ]
ERR: 无法加载模块:Public

[ 2021-05-28T21:44:56+08:00 ] 127.0.0.1 /Public/kindeditor/plugins/code/prettify.js
INFO: [ app_init ] --START--
INFO: Run Behavior\BuildLiteBehavior [ RunTime:0.000007s ]
INFO: [ app_init ] --END-- [ RunTime:0.000166s ]
ERR: 无法加载模块:Public

[ 2021-05-28T21:44:56+08:00 ] 127.0.0.1 /Public/kindeditor/lang/zh-CN.js
INFO: [ app_init ] --START--
INFO: Run Behavior\BuildLiteBehavior [ RunTime:0.000007s ]
INFO: [ app_init ] --END-- [ RunTime:0.000165s ]
ERR: 无法加载模块:Public

[ 2021-05-28T21:44:56+08:00 ] 127.0.0.1 /Public/kindeditor/plugins/code/prettify.js
INFO: [ app_init ] --START--
INFO: Run Behavior\BuildLiteBehavior [ RunTime:0.000006s ]
INFO: [ app_init ] --END-- [ RunTime:0.000157s ]
ERR: 无法加载模块:Public

[ 2021-05-28T21:55:41+08:00 ] 127.0.0.1 /Public/kindeditor/themes/default/default.css
INFO: [ app_init ] --START--
INFO: Run Behavior\BuildLiteBehavior [ RunTime:0.000009s ]
INFO: [ app_init ] --END-- [ RunTime:0.000232s ]
ERR: 无法加载模块:Public

[ 2021-05-28T21:55:41+08:00 ] 127.0.0.1 /Public/kindeditor/plugins/code/prettify.css
INFO: [ app_init ] --START--
INFO: Run Behavior\BuildLiteBehavior [ RunTime:0.000006s ]
INFO: [ app_init ] --END-- [ RunTime:0.000155s ]
ERR: 无法加载模块:Public

[ 2021-05-28T21:55:41+08:00 ] 127.0.0.1 /Public/kindeditor/kindeditor-all.js
INFO: [ app_init ] --START--
INFO: Run Behavior\BuildLiteBehavior [ RunTime:0.000006s ]
INFO: [ app_init ] --END-- [ RunTime:0.000159s ]
ERR: 无法加载模块:Public

[ 2021-05-28T21:55:41+08:00 ] 127.0.0.1 /Public/kindeditor/lang/zh-CN.js
INFO: [ app_init ] --START--
INFO: Run Behavior\BuildLiteBehavior [ RunTime:0.000006s ]
INFO: [ app_init ] --END-- [ RunTime:0.000154s ]
ERR: 无法加载模块:Public

[ 2021-05-28T21:55:41+08:00 ] 127.0.0.1 /Public/kindeditor/plugins/code/prettify.js
INFO: [ app_init ] --START--
INFO: Run Behavior\BuildLiteBehavior [ RunTime:0.000007s ]
INFO: [ app_init ] --END-- [ RunTime:0.000162s ]
ERR: 无法加载模块:Public

