[ 2021-06-24T14:16:56+08:00 ] 101.133.135.162 /nmaplowercheck1624515415
INFO: [ app_init ] --START--
INFO: Run Behavior\BuildLiteBehavior [ RunTime:0.000007s ]
INFO: [ app_init ] --END-- [ RunTime:0.000169s ]
ERR: 无法加载模块:Nmaplowercheck1624515415

[ 2021-06-24T14:16:56+08:00 ] 101.133.135.162 /evox/about
INFO: [ app_init ] --START--
INFO: Run Behavior\BuildLiteBehavior [ RunTime:0.000007s ]
INFO: [ app_init ] --END-- [ RunTime:0.000165s ]
ERR: 无法加载模块:Evox

[ 2021-06-24T14:17:06+08:00 ] 101.133.135.162 /sdk
INFO: [ app_init ] --START--
INFO: Run Behavior\BuildLiteBehavior [ RunTime:0.000007s ]
INFO: [ app_init ] --END-- [ RunTime:0.000166s ]
ERR: 无法加载模块:Sdk

[ 2021-06-24T14:17:06+08:00 ] 101.133.135.162 /HNAP1
INFO: [ app_init ] --START--
INFO: Run Behavior\BuildLiteBehavior [ RunTime:0.000008s ]
INFO: [ app_init ] --END-- [ RunTime:0.000166s ]
ERR: 无法加载模块:HNAP1

