[ 2021-05-30T00:55:35+08:00 ] 39.103.164.193 /sdk
INFO: [ app_init ] --START--
INFO: Run Behavior\BuildLiteBehavior [ RunTime:0.000007s ]
INFO: [ app_init ] --END-- [ RunTime:0.000163s ]
ERR: 无法加载模块:Sdk

[ 2021-05-30T00:55:40+08:00 ] 39.103.164.193 /nmaplowercheck1622307327
INFO: [ app_init ] --START--
INFO: Run Behavior\BuildLiteBehavior [ RunTime:0.000007s ]
INFO: [ app_init ] --END-- [ RunTime:0.000166s ]
ERR: 无法加载模块:Nmaplowercheck1622307327

[ 2021-05-30T00:55:40+08:00 ] 39.103.164.193 /HNAP1
INFO: [ app_init ] --START--
INFO: Run Behavior\BuildLiteBehavior [ RunTime:0.000007s ]
INFO: [ app_init ] --END-- [ RunTime:0.000163s ]
ERR: 无法加载模块:HNAP1

[ 2021-05-30T00:55:43+08:00 ] 39.103.164.193 /evox/about
INFO: [ app_init ] --START--
INFO: Run Behavior\BuildLiteBehavior [ RunTime:0.000007s ]
INFO: [ app_init ] --END-- [ RunTime:0.000174s ]
ERR: 无法加载模块:Evox

[ 2021-05-30T23:37:32+08:00 ] 106.14.81.82 /sdk
INFO: [ app_init ] --START--
INFO: Run Behavior\BuildLiteBehavior [ RunTime:0.000006s ]
INFO: [ app_init ] --END-- [ RunTime:0.000166s ]
ERR: 无法加载模块:Sdk

[ 2021-05-30T23:37:53+08:00 ] 106.14.81.82 /nmaplowercheck1622389052
INFO: [ app_init ] --START--
INFO: Run Behavior\BuildLiteBehavior [ RunTime:0.000007s ]
INFO: [ app_init ] --END-- [ RunTime:0.000165s ]
ERR: 无法加载模块:Nmaplowercheck1622389052

[ 2021-05-30T23:37:53+08:00 ] 106.14.81.82 /HNAP1
INFO: [ app_init ] --START--
INFO: Run Behavior\BuildLiteBehavior [ RunTime:0.000007s ]
INFO: [ app_init ] --END-- [ RunTime:0.000164s ]
ERR: 无法加载模块:HNAP1

[ 2021-05-30T23:37:54+08:00 ] 106.14.81.82 /evox/about
INFO: [ app_init ] --START--
INFO: Run Behavior\BuildLiteBehavior [ RunTime:0.000007s ]
INFO: [ app_init ] --END-- [ RunTime:0.000181s ]
ERR: 无法加载模块:Evox

