[ 2021-04-16T11:03:23+08:00 ] 127.0.0.1 /admin
INFO: [ app_init ] --START--
INFO: Run Behavior\BuildLiteBehavior [ RunTime:0.000012s ]
INFO: [ app_init ] --END-- [ RunTime:0.000438s ]
ERR: 无法加载模块:Admin

[ 2021-04-16T11:03:23+08:00 ] 127.0.0.1 /favicon.ico
INFO: [ app_init ] --START--
INFO: Run Behavior\BuildLiteBehavior [ RunTime:0.000008s ]
INFO: [ app_init ] --END-- [ RunTime:0.000220s ]
ERR: 无法加载模块:Favicon

[ 2021-04-16T11:03:35+08:00 ] 127.0.0.1 /Public/static/h-ui.admin/css/H-ui.admin.css
INFO: [ app_init ] --START--
INFO: Run Behavior\BuildLiteBehavior [ RunTime:0.000015s ]
INFO: [ app_init ] --END-- [ RunTime:0.000821s ]
ERR: 无法加载模块:Public

[ 2021-04-16T11:03:35+08:00 ] 127.0.0.1 /Public/static/h-ui.admin/skin/default/skin.css
INFO: [ app_init ] --START--
INFO: Run Behavior\BuildLiteBehavior [ RunTime:0.000018s ]
INFO: [ app_init ] --END-- [ RunTime:0.000584s ]
ERR: 无法加载模块:Public

[ 2021-04-16T11:03:35+08:00 ] 127.0.0.1 /Public/static/h-ui.admin/css/style.css
INFO: [ app_init ] --START--
INFO: Run Behavior\BuildLiteBehavior [ RunTime:0.000017s ]
INFO: [ app_init ] --END-- [ RunTime:0.001486s ]
ERR: 无法加载模块:Public

[ 2021-04-16T11:03:35+08:00 ] 127.0.0.1 /Public/lib/Hui-iconfont/1.0.8/iconfont.css
INFO: [ app_init ] --START--
INFO: Run Behavior\BuildLiteBehavior [ RunTime:0.000015s ]
INFO: [ app_init ] --END-- [ RunTime:0.000589s ]
ERR: 无法加载模块:Public

[ 2021-04-16T11:03:35+08:00 ] 127.0.0.1 /Public/static/h-ui/css/H-ui.min.css
INFO: [ app_init ] --START--
INFO: Run Behavior\BuildLiteBehavior [ RunTime:0.000019s ]
INFO: [ app_init ] --END-- [ RunTime:0.000935s ]
ERR: 无法加载模块:Public

[ 2021-04-16T11:03:35+08:00 ] 127.0.0.1 /Public/static/h-ui.admin/js/H-ui.admin.js
INFO: [ app_init ] --START--
INFO: Run Behavior\BuildLiteBehavior [ RunTime:0.000011s ]
INFO: [ app_init ] --END-- [ RunTime:0.000299s ]
ERR: 无法加载模块:Public

[ 2021-04-16T11:03:35+08:00 ] 127.0.0.1 /Public/lib/jquery.contextmenu/jquery.contextmenu.r2.js
INFO: [ app_init ] --START--
INFO: Run Behavior\BuildLiteBehavior [ RunTime:0.000020s ]
INFO: [ app_init ] --END-- [ RunTime:0.000461s ]
ERR: 无法加载模块:Public

[ 2021-04-16T11:03:35+08:00 ] 127.0.0.1 /Public/static/h-ui/js/H-ui.min.js
INFO: [ app_init ] --START--
INFO: Run Behavior\BuildLiteBehavior [ RunTime:0.000067s ]
INFO: [ app_init ] --END-- [ RunTime:0.001918s ]
ERR: 无法加载模块:Public

[ 2021-04-16T11:03:35+08:00 ] 127.0.0.1 /Public/lib/layer/2.4/layer.js
INFO: [ app_init ] --START--
INFO: Run Behavior\BuildLiteBehavior [ RunTime:0.000027s ]
INFO: [ app_init ] --END-- [ RunTime:0.001115s ]
ERR: 无法加载模块:Public

[ 2021-04-16T11:03:35+08:00 ] 127.0.0.1 /Public/static/h-ui/js/H-ui.min.js
INFO: [ app_init ] --START--
INFO: Run Behavior\BuildLiteBehavior [ RunTime:0.000009s ]
INFO: [ app_init ] --END-- [ RunTime:0.000444s ]
ERR: 无法加载模块:Public

[ 2021-04-16T11:03:35+08:00 ] 127.0.0.1 /Public/static/h-ui.admin/js/H-ui.admin.js
INFO: [ app_init ] --START--
INFO: Run Behavior\BuildLiteBehavior [ RunTime:0.000010s ]
INFO: [ app_init ] --END-- [ RunTime:0.000829s ]
ERR: 无法加载模块:Public

[ 2021-04-16T11:03:35+08:00 ] 127.0.0.1 /Public/lib/jquery.contextmenu/jquery.contextmenu.r2.js
INFO: [ app_init ] --START--
INFO: Run Behavior\BuildLiteBehavior [ RunTime:0.000012s ]
INFO: [ app_init ] --END-- [ RunTime:0.000696s ]
ERR: 无法加载模块:Public

[ 2021-04-16T11:03:35+08:00 ] 127.0.0.1 /Public/favicon.ico
INFO: [ app_init ] --START--
INFO: Run Behavior\BuildLiteBehavior [ RunTime:0.000057s ]
INFO: [ app_init ] --END-- [ RunTime:0.001695s ]
ERR: 无法加载模块:Public

[ 2021-04-16T11:03:41+08:00 ] 127.0.0.1 /Public/static/h-ui.admin/css/H-ui.admin.css
INFO: [ app_init ] --START--
INFO: Run Behavior\BuildLiteBehavior [ RunTime:0.000016s ]
INFO: [ app_init ] --END-- [ RunTime:0.000337s ]
ERR: 无法加载模块:Public

[ 2021-04-16T11:03:41+08:00 ] 127.0.0.1 /Public/static/h-ui.admin/skin/default/skin.css
INFO: [ app_init ] --START--
INFO: Run Behavior\BuildLiteBehavior [ RunTime:0.000018s ]
INFO: [ app_init ] --END-- [ RunTime:0.000513s ]
ERR: 无法加载模块:Public

[ 2021-04-16T11:03:41+08:00 ] 127.0.0.1 /Public/static/h-ui.admin/css/style.css
INFO: [ app_init ] --START--
INFO: Run Behavior\BuildLiteBehavior [ RunTime:0.000016s ]
INFO: [ app_init ] --END-- [ RunTime:0.000528s ]
ERR: 无法加载模块:Public

[ 2021-04-16T11:03:41+08:00 ] 127.0.0.1 /Public/lib/Hui-iconfont/1.0.8/iconfont.css
INFO: [ app_init ] --START--
INFO: Run Behavior\BuildLiteBehavior [ RunTime:0.000017s ]
INFO: [ app_init ] --END-- [ RunTime:0.001642s ]
ERR: 无法加载模块:Public

[ 2021-04-16T11:03:41+08:00 ] 127.0.0.1 /Public/lib/layer/2.4/layer.js
INFO: [ app_init ] --START--
INFO: Run Behavior\BuildLiteBehavior [ RunTime:0.000012s ]
INFO: [ app_init ] --END-- [ RunTime:0.000317s ]
ERR: 无法加载模块:Public

[ 2021-04-16T11:03:41+08:00 ] 127.0.0.1 /Public/static/h-ui/css/H-ui.min.css
INFO: [ app_init ] --START--
INFO: Run Behavior\BuildLiteBehavior [ RunTime:0.000017s ]
INFO: [ app_init ] --END-- [ RunTime:0.001082s ]
ERR: 无法加载模块:Public

[ 2021-04-16T11:03:41+08:00 ] 127.0.0.1 /Public/static/h-ui/js/H-ui.min.js
INFO: [ app_init ] --START--
INFO: Run Behavior\BuildLiteBehavior [ RunTime:0.000012s ]
INFO: [ app_init ] --END-- [ RunTime:0.000335s ]
ERR: 无法加载模块:Public

[ 2021-04-16T11:03:41+08:00 ] 127.0.0.1 /Public/static/h-ui.admin/js/H-ui.admin.js
INFO: [ app_init ] --START--
INFO: Run Behavior\BuildLiteBehavior [ RunTime:0.000016s ]
INFO: [ app_init ] --END-- [ RunTime:0.000440s ]
ERR: 无法加载模块:Public

[ 2021-04-16T11:03:41+08:00 ] 127.0.0.1 /Public/lib/jquery.contextmenu/jquery.contextmenu.r2.js
INFO: [ app_init ] --START--
INFO: Run Behavior\BuildLiteBehavior [ RunTime:0.000012s ]
INFO: [ app_init ] --END-- [ RunTime:0.000536s ]
ERR: 无法加载模块:Public

[ 2021-04-16T11:03:41+08:00 ] 127.0.0.1 /Public/lib/layer/2.4/layer.js
INFO: [ app_init ] --START--
INFO: Run Behavior\BuildLiteBehavior [ RunTime:0.000016s ]
INFO: [ app_init ] --END-- [ RunTime:0.000407s ]
ERR: 无法加载模块:Public

[ 2021-04-16T11:03:41+08:00 ] 127.0.0.1 /Public/static/h-ui/js/H-ui.min.js
INFO: [ app_init ] --START--
INFO: Run Behavior\BuildLiteBehavior [ RunTime:0.000024s ]
INFO: [ app_init ] --END-- [ RunTime:0.000444s ]
ERR: 无法加载模块:Public

[ 2021-04-16T11:03:41+08:00 ] 127.0.0.1 /Public/static/h-ui.admin/js/H-ui.admin.js
INFO: [ app_init ] --START--
INFO: Run Behavior\BuildLiteBehavior [ RunTime:0.000019s ]
INFO: [ app_init ] --END-- [ RunTime:0.000576s ]
ERR: 无法加载模块:Public

[ 2021-04-16T11:03:41+08:00 ] 127.0.0.1 /Public/static/h-ui/css/H-ui.min.css
INFO: [ app_init ] --START--
INFO: Run Behavior\BuildLiteBehavior [ RunTime:0.000015s ]
INFO: [ app_init ] --END-- [ RunTime:0.000404s ]
ERR: 无法加载模块:Public

[ 2021-04-16T11:03:41+08:00 ] 127.0.0.1 /Public/static/h-ui.admin/css/style.css
INFO: [ app_init ] --START--
INFO: Run Behavior\BuildLiteBehavior [ RunTime:0.000018s ]
INFO: [ app_init ] --END-- [ RunTime:0.000519s ]
ERR: 无法加载模块:Public

[ 2021-04-16T11:03:41+08:00 ] 127.0.0.1 /Public/lib/Hui-iconfont/1.0.8/iconfont.css
INFO: [ app_init ] --START--
INFO: Run Behavior\BuildLiteBehavior [ RunTime:0.000018s ]
INFO: [ app_init ] --END-- [ RunTime:0.000449s ]
ERR: 无法加载模块:Public

[ 2021-04-16T11:03:41+08:00 ] 127.0.0.1 /Public/lib/jquery.contextmenu/jquery.contextmenu.r2.js
INFO: [ app_init ] --START--
INFO: Run Behavior\BuildLiteBehavior [ RunTime:0.000010s ]
INFO: [ app_init ] --END-- [ RunTime:0.000341s ]
ERR: 无法加载模块:Public

[ 2021-04-16T11:03:41+08:00 ] 127.0.0.1 /Public/static/h-ui.admin/css/H-ui.admin.css
INFO: [ app_init ] --START--
INFO: Run Behavior\BuildLiteBehavior [ RunTime:0.000008s ]
INFO: [ app_init ] --END-- [ RunTime:0.000430s ]
ERR: 无法加载模块:Public

[ 2021-04-16T11:03:41+08:00 ] 127.0.0.1 /Public/static/h-ui.admin/skin/default/skin.css
INFO: [ app_init ] --START--
INFO: Run Behavior\BuildLiteBehavior [ RunTime:0.000009s ]
INFO: [ app_init ] --END-- [ RunTime:0.000576s ]
ERR: 无法加载模块:Public

[ 2021-04-16T11:04:14+08:00 ] 127.0.0.1 /Public//lib/Hui-iconfont/1.0.8/iconfont.css
INFO: [ app_init ] --START--
INFO: Run Behavior\BuildLiteBehavior [ RunTime:0.000008s ]
INFO: [ app_init ] --END-- [ RunTime:0.000301s ]
ERR: 无法加载模块:Public

[ 2021-04-16T11:04:14+08:00 ] 127.0.0.1 /Public/static/h-ui/css/H-ui.min.css
INFO: [ app_init ] --START--
INFO: Run Behavior\BuildLiteBehavior [ RunTime:0.000017s ]
INFO: [ app_init ] --END-- [ RunTime:0.000361s ]
ERR: 无法加载模块:Public

[ 2021-04-16T11:04:14+08:00 ] 127.0.0.1 /Public//static/h-ui.admin/css/H-ui.login.css
INFO: [ app_init ] --START--
INFO: Run Behavior\BuildLiteBehavior [ RunTime:0.000013s ]
INFO: [ app_init ] --END-- [ RunTime:0.000332s ]
ERR: 无法加载模块:Public

[ 2021-04-16T11:04:14+08:00 ] 127.0.0.1 /Public//static/h-ui.admin/css/style.css
INFO: [ app_init ] --START--
INFO: Run Behavior\BuildLiteBehavior [ RunTime:0.000010s ]
INFO: [ app_init ] --END-- [ RunTime:0.000407s ]
ERR: 无法加载模块:Public

[ 2021-04-16T11:04:19+08:00 ] 127.0.0.1 /Public//static/h-ui.admin/css/H-ui.login.css
INFO: [ app_init ] --START--
INFO: Run Behavior\BuildLiteBehavior [ RunTime:0.000014s ]
INFO: [ app_init ] --END-- [ RunTime:0.000275s ]
ERR: 无法加载模块:Public

[ 2021-04-16T11:04:19+08:00 ] 127.0.0.1 /Public//static/h-ui.admin/css/style.css
INFO: [ app_init ] --START--
INFO: Run Behavior\BuildLiteBehavior [ RunTime:0.000015s ]
INFO: [ app_init ] --END-- [ RunTime:0.000343s ]
ERR: 无法加载模块:Public

[ 2021-04-16T11:04:19+08:00 ] 127.0.0.1 /Public/static/h-ui/css/H-ui.min.css
INFO: [ app_init ] --START--
INFO: Run Behavior\BuildLiteBehavior [ RunTime:0.000012s ]
INFO: [ app_init ] --END-- [ RunTime:0.000320s ]
ERR: 无法加载模块:Public

[ 2021-04-16T11:04:19+08:00 ] 127.0.0.1 /Public//lib/Hui-iconfont/1.0.8/iconfont.css
INFO: [ app_init ] --START--
INFO: Run Behavior\BuildLiteBehavior [ RunTime:0.000010s ]
INFO: [ app_init ] --END-- [ RunTime:0.000497s ]
ERR: 无法加载模块:Public

[ 2021-04-16T11:04:31+08:00 ] 127.0.0.1 /Public//static/h-ui.admin/css/style.css
INFO: [ app_init ] --START--
INFO: Run Behavior\BuildLiteBehavior [ RunTime:0.000009s ]
INFO: [ app_init ] --END-- [ RunTime:0.000236s ]
ERR: 无法加载模块:Public

[ 2021-04-16T11:04:31+08:00 ] 127.0.0.1 /Public//static/h-ui.admin/css/H-ui.login.css
INFO: [ app_init ] --START--
INFO: Run Behavior\BuildLiteBehavior [ RunTime:0.000009s ]
INFO: [ app_init ] --END-- [ RunTime:0.000252s ]
ERR: 无法加载模块:Public

[ 2021-04-16T11:04:31+08:00 ] 127.0.0.1 /Public//lib/Hui-iconfont/1.0.8/iconfont.css
INFO: [ app_init ] --START--
INFO: Run Behavior\BuildLiteBehavior [ RunTime:0.000013s ]
INFO: [ app_init ] --END-- [ RunTime:0.000308s ]
ERR: 无法加载模块:Public

[ 2021-04-16T11:04:31+08:00 ] 127.0.0.1 /Public/static/h-ui/css/H-ui.min.css
INFO: [ app_init ] --START--
INFO: Run Behavior\BuildLiteBehavior [ RunTime:0.000009s ]
INFO: [ app_init ] --END-- [ RunTime:0.000455s ]
ERR: 无法加载模块:Public

[ 2021-04-16T11:04:38+08:00 ] 127.0.0.1 /Public//static/h-ui.admin/css/H-ui.login.css
INFO: [ app_init ] --START--
INFO: Run Behavior\BuildLiteBehavior [ RunTime:0.000016s ]
INFO: [ app_init ] --END-- [ RunTime:0.000282s ]
ERR: 无法加载模块:Public

[ 2021-04-16T11:04:38+08:00 ] 127.0.0.1 /Public//static/h-ui.admin/css/style.css
INFO: [ app_init ] --START--
INFO: Run Behavior\BuildLiteBehavior [ RunTime:0.000018s ]
INFO: [ app_init ] --END-- [ RunTime:0.000376s ]
ERR: 无法加载模块:Public

[ 2021-04-16T11:04:38+08:00 ] 127.0.0.1 /Public/static/h-ui/css/H-ui.min.css
INFO: [ app_init ] --START--
INFO: Run Behavior\BuildLiteBehavior [ RunTime:0.000011s ]
INFO: [ app_init ] --END-- [ RunTime:0.000662s ]
ERR: 无法加载模块:Public

