[ 2021-05-23T07:00:35+08:00 ] 128.14.141.118 /robots.txt
INFO: [ app_init ] --START--
INFO: Run Behavior\BuildLiteBehavior [ RunTime:0.000007s ]
INFO: [ app_init ] --END-- [ RunTime:0.000165s ]
ERR: 无法加载模块:Robots

[ 2021-05-23T07:00:36+08:00 ] 128.14.141.118 /.well-known/security.txt
INFO: [ app_init ] --START--
INFO: Run Behavior\BuildLiteBehavior [ RunTime:0.000008s ]
INFO: [ app_init ] --END-- [ RunTime:0.000164s ]
ERR: 无法加载模块:.well-known

[ 2021-05-23T15:32:08+08:00 ] 101.133.226.32 /nmaplowercheck1621755120
INFO: [ app_init ] --START--
INFO: Run Behavior\BuildLiteBehavior [ RunTime:0.000007s ]
INFO: [ app_init ] --END-- [ RunTime:0.000180s ]
ERR: 无法加载模块:Nmaplowercheck1621755120

[ 2021-05-23T15:32:09+08:00 ] 101.133.226.32 /HNAP1
INFO: [ app_init ] --START--
INFO: Run Behavior\BuildLiteBehavior [ RunTime:0.000007s ]
INFO: [ app_init ] --END-- [ RunTime:0.000167s ]
ERR: 无法加载模块:HNAP1

[ 2021-05-23T15:32:11+08:00 ] 101.133.226.32 /evox/about
INFO: [ app_init ] --START--
INFO: Run Behavior\BuildLiteBehavior [ RunTime:0.000007s ]
INFO: [ app_init ] --END-- [ RunTime:0.000167s ]
ERR: 无法加载模块:Evox

[ 2021-05-23T15:32:18+08:00 ] 101.133.226.32 /sdk
INFO: [ app_init ] --START--
INFO: Run Behavior\BuildLiteBehavior [ RunTime:0.000007s ]
INFO: [ app_init ] --END-- [ RunTime:0.000163s ]
ERR: 无法加载模块:Sdk

[ 2021-05-23T20:35:13+08:00 ] 106.14.45.145 /nmaplowercheck1621773313
INFO: [ app_init ] --START--
INFO: Run Behavior\BuildLiteBehavior [ RunTime:0.000007s ]
INFO: [ app_init ] --END-- [ RunTime:0.000171s ]
ERR: 无法加载模块:Nmaplowercheck1621773313

[ 2021-05-23T20:35:13+08:00 ] 106.14.45.145 /HNAP1
INFO: [ app_init ] --START--
INFO: Run Behavior\BuildLiteBehavior [ RunTime:0.000007s ]
INFO: [ app_init ] --END-- [ RunTime:0.000160s ]
ERR: 无法加载模块:HNAP1

[ 2021-05-23T20:35:24+08:00 ] 106.14.45.145 /evox/about
INFO: [ app_init ] --START--
INFO: Run Behavior\BuildLiteBehavior [ RunTime:0.000008s ]
INFO: [ app_init ] --END-- [ RunTime:0.000165s ]
ERR: 无法加载模块:Evox

[ 2021-05-23T20:35:34+08:00 ] 106.14.45.145 /sdk
INFO: [ app_init ] --START--
INFO: Run Behavior\BuildLiteBehavior [ RunTime:0.000007s ]
INFO: [ app_init ] --END-- [ RunTime:0.000165s ]
ERR: 无法加载模块:Sdk

