[ 2021-06-26T13:13:56+08:00 ] 106.14.83.56 /nmaplowercheck1624684425
INFO: [ app_init ] --START--
INFO: Run Behavior\BuildLiteBehavior [ RunTime:0.000008s ]
INFO: [ app_init ] --END-- [ RunTime:0.000165s ]
ERR: 无法加载模块:Nmaplowercheck1624684425

[ 2021-06-26T13:13:56+08:00 ] 106.14.83.56 /evox/about
INFO: [ app_init ] --START--
INFO: Run Behavior\BuildLiteBehavior [ RunTime:0.000006s ]
INFO: [ app_init ] --END-- [ RunTime:0.000174s ]
ERR: 无法加载模块:Evox

[ 2021-06-26T13:13:57+08:00 ] 106.14.83.56 /HNAP1
INFO: [ app_init ] --START--
INFO: Run Behavior\BuildLiteBehavior [ RunTime:0.000007s ]
INFO: [ app_init ] --END-- [ RunTime:0.000173s ]
ERR: 无法加载模块:HNAP1

[ 2021-06-26T13:14:06+08:00 ] 106.14.83.56 /sdk
INFO: [ app_init ] --START--
INFO: Run Behavior\BuildLiteBehavior [ RunTime:0.000007s ]
INFO: [ app_init ] --END-- [ RunTime:0.000175s ]
ERR: 无法加载模块:Sdk

